[I 2026-05-30 02:21:43,348] Trial 148 finished with value: 1267.6698242911098 and parameters: {'equity_call_threshold': 0.43516650304202115, 'pot_odds_buffer_normal': 0.08019318253957898, 'equity_thin_value': 0.45926117035728414, 'bluff_freq_ip': 0.02109522866232844, 'bluff_freq_oop': 0.048758894907475085, 'cbet_freq_base': 0.6170791736602969, 'threebet_call_threshold_pct': 0.19038978090351594, 'fourbet_call_threshold_pct': 0.12336049986917974, 'fourbet_bluff_freq': 0.07954654803660617, 'k_commit': 0.006707478213103415, 'river_v2b_half_pot': 2.874443179299486, 'skb8_bet_to_mean_multiplier': 1.725032553474833, 'skb8_min_obs_for_signal': 23, 'skb8_min_bets_obs_for_signal': 4}. Best is trial 71 with value: 1294.7396540751856.

=== Best trial ===
  score: 1294.74
  train_mean: 526
  held_min: 1807
  held_mean: 2217
  params:
    bluff_freq_ip = 0.02266405733280525
    bluff_freq_oop = 0.04982409868438015
    cbet_freq_base = 0.6372901014972446
    equity_call_threshold = 0.4340568549542513
    equity_thin_value = 0.43390383686395817
    fourbet_bluff_freq = 0.1064617535920478
    fourbet_call_threshold_pct = 0.1296778323913867
    k_commit = 0.007314727086282903
    pot_odds_buffer_normal = 0.08532110183886801
    river_v2b_half_pot = 2.6227859843348043
    skb8_bet_to_mean_multiplier = 1.6652147351691389
    skb8_min_bets_obs_for_signal = 3
    skb8_min_obs_for_signal = 31
    threebet_call_threshold_pct = 0.18003892052437015
Saved: harness/results/sweep_v81_best.json
