[I 2026-05-30 00:39:59,902] A new study created in RDB with name: skb8_v81
Train pool: 22 opps
Heldout pool: 8 opps
Params: 14
Trials: 150, seeds: 20, n_tables: 15

Enqueued anchor trial: 14/14 params
Resuming from 1 existing trials. Target: 150
[I 2026-05-30 00:40:42,791] Trial 0 finished with value: 1233.3880301258982 and parameters: {'equity_call_threshold': 0.3919811186191172, 'pot_odds_buffer_normal': 0.1014539537201927, 'equity_thin_value': 0.4770665192555191, 'bluff_freq_ip': 0.05223860805977661, 'bluff_freq_oop': 0.03942295665836069, 'cbet_freq_base': 0.6359670747418533, 'threebet_call_threshold_pct': 0.2170225254829958, 'fourbet_call_threshold_pct': 0.1351630858370252, 'fourbet_bluff_freq': 0.3, 'k_commit': 0.005431736240613369, 'river_v2b_half_pot': 2.0, 'skb8_bet_to_mean_multiplier': 1.5, 'skb8_min_obs_for_signal': 30, 'skb8_min_bets_obs_for_signal': 5}. Best is trial 0 with value: 1233.3880301258982.
[I 2026-05-30 00:41:24,736] Trial 1 finished with value: 1097.8781200565227 and parameters: {'equity_call_threshold': 0.40618101782710436, 'pot_odds_buffer_normal': 0.17507143064099162, 'equity_thin_value': 0.5097990912717107, 'bluff_freq_ip': 0.039932924209851825, 'bluff_freq_oop': 0.01624074561769746, 'cbet_freq_base': 0.5311989040672406, 'threebet_call_threshold_pct': 0.10697003346018394, 'fourbet_call_threshold_pct': 0.13197056874649613, 'fourbet_bluff_freq': 0.20027875293580222, 'k_commit': 0.008496870933552546, 'river_v2b_half_pot': 1.5308767414437037, 'skb8_bet_to_mean_multiplier': 1.9759278817295955, 'skb8_min_obs_for_signal': 44, 'skb8_min_bets_obs_for_signal': 4}. Best is trial 0 with value: 1233.3880301258982.
[I 2026-05-30 00:42:07,093] Trial 2 finished with value: 1238.5128807342778 and parameters: {'equity_call_threshold': 0.3772737450810651, 'pot_odds_buffer_normal': 0.09834045098534339, 'equity_thin_value': 0.4456363364439307, 'bluff_freq_ip': 0.03623782158161189, 'bluff_freq_oop': 0.02727780074568463, 'cbet_freq_base': 0.5582458280396083, 'threebet_call_threshold_pct': 0.17342234736668555, 'fourbet_call_threshold_pct': 0.08836963163912251, 'fourbet_bluff_freq': 0.12303616213380454, 'k_commit': 0.0043963421195243, 'river_v2b_half_pot': 2.184104976325554, 'skb8_bet_to_mean_multiplier': 1.828140769114411, 'skb8_min_obs_for_signal': 22, 'skb8_min_bets_obs_for_signal': 7}. Best is trial 2 with value: 1238.5128807342778.
[I 2026-05-30 00:42:51,204] Trial 3 finished with value: 1245.030729016787 and parameters: {'equity_call_threshold': 0.4388621853293064, 'pot_odds_buffer_normal': 0.08464504127199977, 'equity_thin_value': 0.4911317277852158, 'bluff_freq_ip': 0.018526206184364576, 'bluff_freq_oop': 0.01260206371941118, 'cbet_freq_base': 0.6897771074506667, 'threebet_call_threshold_pct': 0.21587584396894713, 'fourbet_call_threshold_pct': 0.12850384088698769, 'fourbet_bluff_freq': 0.1261534422933427, 'k_commit': 0.0011720653680766064, 'river_v2b_half_pot': 2.526349539768235, 'skb8_bet_to_mean_multiplier': 1.5521219949916811, 'skb8_min_obs_for_signal': 19, 'skb8_min_bets_obs_for_signal': 6}. Best is trial 3 with value: 1245.030729016787.
[I 2026-05-30 00:43:33,120] Trial 4 finished with value: 1170.9843869961942 and parameters: {'equity_call_threshold': 0.35515827816728274, 'pot_odds_buffer_normal': 0.1709320402078782, 'equity_thin_value': 0.43881699724000256, 'bluff_freq_ip': 0.043126114217699095, 'bluff_freq_oop': 0.02246844304357644, 'cbet_freq_base': 0.6040136042355622, 'threebet_call_threshold_pct': 0.16560523352119355, 'fourbet_call_threshold_pct': 0.09109126733153163, 'fourbet_bluff_freq': 0.29239615694113963, 'k_commit': 0.009301593880333374, 'river_v2b_half_pot': 2.9092484123462836, 'skb8_bet_to_mean_multiplier': 1.915861880342119, 'skb8_min_obs_for_signal': 36, 'skb8_min_bets_obs_for_signal': 10}. Best is trial 3 with value: 1245.030729016787.
[I 2026-05-30 00:44:15,251] Trial 5 finished with value: 1223.5246290147302 and parameters: {'equity_call_threshold': 0.36327387530778793, 'pot_odds_buffer_normal': 0.09959828624191452, 'equity_thin_value': 0.4067840933365807, 'bluff_freq_ip': 0.02626651653816322, 'bluff_freq_oop': 0.02554709158757928, 'cbet_freq_base': 0.5542698063547792, 'threebet_call_threshold_pct': 0.19944850109823153, 'fourbet_call_threshold_pct': 0.10140519960161537, 'fourbet_bluff_freq': 0.1202336274218452, 'k_commit': 0.006512352997898982, 'river_v2b_half_pot': 1.711386337462144, 'skb8_bet_to_mean_multiplier': 1.8417575846032317, 'skb8_min_obs_for_signal': 17, 'skb8_min_bets_obs_for_signal': 10}. Best is trial 3 with value: 1245.030729016787.
[I 2026-05-30 00:44:57,350] Trial 6 finished with value: 1244.8086561031048 and parameters: {'equity_call_threshold': 0.4658367153944986, 'pot_odds_buffer_normal': 0.09987156815341725, 'equity_thin_value': 0.40082831756854037, 'bluff_freq_ip': 0.050773071422741706, 'bluff_freq_oop': 0.03827429375390468, 'cbet_freq_base': 0.6458014336081974, 'threebet_call_threshold_pct': 0.1925524416023135, 'fourbet_call_threshold_pct': 0.08444267910404542, 'fourbet_bluff_freq': 0.13961643213606817, 'k_commit': 0.0013904287143015567, 'river_v2b_half_pot': 2.7946551388133902, 'skb8_bet_to_mean_multiplier': 1.6986385014620464, 'skb8_min_obs_for_signal': 26, 'skb8_min_bets_obs_for_signal': 3}. Best is trial 3 with value: 1245.030729016787.
[I 2026-05-30 00:45:39,343] Trial 7 finished with value: 1130.365686487684 and parameters: {'equity_call_threshold': 0.3966473482573493, 'pot_odds_buffer_normal': 0.11251833220267471, 'equity_thin_value': 0.5094409267507096, 'bluff_freq_ip': 0.041877873567760654, 'bluff_freq_oop': 0.045488509703053064, 'cbet_freq_base': 0.5944429850323898, 'threebet_call_threshold_pct': 0.11435130951259621, 'fourbet_call_threshold_pct': 0.12279468723337972, 'fourbet_bluff_freq': 0.24019626215422435, 'k_commit': 0.006735326370833955, 'river_v2b_half_pot': 2.6564507699318414, 'skb8_bet_to_mean_multiplier': 1.5950364770915126, 'skb8_min_obs_for_signal': 33, 'skb8_min_bets_obs_for_signal': 6}. Best is trial 3 with value: 1245.030729016787.
[I 2026-05-30 00:46:23,182] Trial 8 finished with value: 1241.882333523912 and parameters: {'equity_call_threshold': 0.35381286901161424, 'pot_odds_buffer_normal': 0.09078914269933044, 'equity_thin_value': 0.4047143778530102, 'bluff_freq_ip': 0.041820520563189016, 'bluff_freq_oop': 0.022574239243053067, 'cbet_freq_base': 0.6017141382329405, 'threebet_call_threshold_pct': 0.20890797687113116, 'fourbet_call_threshold_pct': 0.0949575337489325, 'fourbet_bluff_freq': 0.15259573075890742, 'k_commit': 0.009066613662516584, 'river_v2b_half_pot': 1.8431972482374337, 'skb8_bet_to_mean_multiplier': 1.2615839278630343, 'skb8_min_obs_for_signal': 25, 'skb8_min_bets_obs_for_signal': 4}. Best is trial 3 with value: 1245.030729016787.
[I 2026-05-30 00:47:05,666] Trial 9 finished with value: 1194.3692090471259 and parameters: {'equity_call_threshold': 0.4894546478513859, 'pot_odds_buffer_normal': 0.1608120379564417, 'equity_thin_value': 0.4950105634765636, 'bluff_freq_ip': 0.05357302950938588, 'bluff_freq_oop': 0.04214688307596458, 'cbet_freq_base': 0.5373140117772072, 'threebet_call_threshold_pct': 0.20710707981879733, 'fourbet_call_threshold_pct': 0.11236053451493905, 'fourbet_bluff_freq': 0.25186003879101565, 'k_commit': 0.010753095599081918, 'river_v2b_half_pot': 1.977005212457796, 'skb8_bet_to_mean_multiplier': 1.2880415396221414, 'skb8_min_obs_for_signal': 23, 'skb8_min_bets_obs_for_signal': 6}. Best is trial 3 with value: 1245.030729016787.
[I 2026-05-30 00:47:48,006] Trial 10 finished with value: 1158.1121431938557 and parameters: {'equity_call_threshold': 0.4441635836375493, 'pot_odds_buffer_normal': 0.13588508982574674, 'equity_thin_value': 0.5454305666181799, 'bluff_freq_ip': 0.010898093780740987, 'bluff_freq_oop': 0.010581635006494575, 'cbet_freq_base': 0.6815329590565035, 'threebet_call_threshold_pct': 0.13671776860696827, 'fourbet_call_threshold_pct': 0.11827830531266367, 'fourbet_bluff_freq': 0.06362136788997153, 'k_commit': 0.00014773403477924812, 'river_v2b_half_pot': 2.5173806996268784, 'skb8_bet_to_mean_multiplier': 1.4796421367706365, 'skb8_min_obs_for_signal': 15, 'skb8_min_bets_obs_for_signal': 8}. Best is trial 3 with value: 1245.030729016787.
[I 2026-05-30 00:48:30,624] Trial 11 finished with value: 1262.0395163213634 and parameters: {'equity_call_threshold': 0.4453382420988643, 'pot_odds_buffer_normal': 0.0822779612782324, 'equity_thin_value': 0.44844018795829943, 'bluff_freq_ip': 0.02224005626845839, 'bluff_freq_oop': 0.03548132432909736, 'cbet_freq_base': 0.6937017006434842, 'threebet_call_threshold_pct': 0.18411445652920522, 'fourbet_call_threshold_pct': 0.08076467821069866, 'fourbet_bluff_freq': 0.06891069366984623, 'k_commit': 0.00039367122749574355, 'river_v2b_half_pot': 2.9798014189216366, 'skb8_bet_to_mean_multiplier': 1.751215369468771, 'skb8_min_obs_for_signal': 27, 'skb8_min_bets_obs_for_signal': 3}. Best is trial 11 with value: 1262.0395163213634.
[I 2026-05-30 00:49:13,125] Trial 12 finished with value: 1258.8094839950422 and parameters: {'equity_call_threshold': 0.4327512119911802, 'pot_odds_buffer_normal': 0.08029518948879442, 'equity_thin_value': 0.44503159329969244, 'bluff_freq_ip': 0.02097367982186316, 'bluff_freq_oop': 0.033632311940862435, 'cbet_freq_base': 0.6992993261159907, 'threebet_call_threshold_pct': 0.18258754143402392, 'fourbet_call_threshold_pct': 0.10400998246476745, 'fourbet_bluff_freq': 0.05328507892945214, 'k_commit': 0.0027351043457266985, 'river_v2b_half_pot': 2.471202889427237, 'skb8_bet_to_mean_multiplier': 1.6938889188354918, 'skb8_min_obs_for_signal': 41, 'skb8_min_bets_obs_for_signal': 8}. Best is trial 11 with value: 1262.0395163213634.
[I 2026-05-30 00:49:55,140] Trial 13 finished with value: 1233.6887932810182 and parameters: {'equity_call_threshold': 0.42279652942961926, 'pot_odds_buffer_normal': 0.11999806993837149, 'equity_thin_value': 0.4481275267929726, 'bluff_freq_ip': 0.02660097668492914, 'bluff_freq_oop': 0.03358394007383037, 'cbet_freq_base': 0.6645820425720987, 'threebet_call_threshold_pct': 0.17950205181803197, 'fourbet_call_threshold_pct': 0.10344202389796887, 'fourbet_bluff_freq': 0.05948973248276333, 'k_commit': 0.00280895782958942, 'river_v2b_half_pot': 2.998570914537065, 'skb8_bet_to_mean_multiplier': 1.7144640006689094, 'skb8_min_obs_for_signal': 42, 'skb8_min_bets_obs_for_signal': 8}. Best is trial 11 with value: 1262.0395163213634.
[I 2026-05-30 00:50:37,932] Trial 14 finished with value: 1215.7688470805185 and parameters: {'equity_call_threshold': 0.4644304970016985, 'pot_odds_buffer_normal': 0.08024800458839661, 'equity_thin_value': 0.4285305223318391, 'bluff_freq_ip': 0.02614967456410852, 'bluff_freq_oop': 0.03281276358164103, 'cbet_freq_base': 0.6974368122894165, 'threebet_call_threshold_pct': 0.143006834174865, 'fourbet_call_threshold_pct': 0.08044714454909192, 'fourbet_bluff_freq': 0.08691229275554108, 'k_commit': 0.003253177318356281, 'river_v2b_half_pot': 2.3283719933911597, 'skb8_bet_to_mean_multiplier': 1.7251636429986372, 'skb8_min_obs_for_signal': 50, 'skb8_min_bets_obs_for_signal': 8}. Best is trial 11 with value: 1262.0395163213634.
[I 2026-05-30 00:51:19,871] Trial 15 finished with value: 1241.0563544916881 and parameters: {'equity_call_threshold': 0.42603308486842506, 'pot_odds_buffer_normal': 0.13895374498936983, 'equity_thin_value': 0.4639519999141141, 'bluff_freq_ip': 0.01721800280232666, 'bluff_freq_oop': 0.03438911880050057, 'cbet_freq_base': 0.500654951960635, 'threebet_call_threshold_pct': 0.18311299423043334, 'fourbet_call_threshold_pct': 0.10076626084275639, 'fourbet_bluff_freq': 0.09820143919108625, 'k_commit': 0.0025759999244787547, 'river_v2b_half_pot': 2.299724673397109, 'skb8_bet_to_mean_multiplier': 1.4187215923480003, 'skb8_min_obs_for_signal': 40, 'skb8_min_bets_obs_for_signal': 9}. Best is trial 11 with value: 1262.0395163213634.
[I 2026-05-30 00:52:01,679] Trial 16 finished with value: 1221.7078828013027 and parameters: {'equity_call_threshold': 0.46410827467755406, 'pot_odds_buffer_normal': 0.1173300381387396, 'equity_thin_value': 0.4239839687584446, 'bluff_freq_ip': 0.01979713686224663, 'bluff_freq_oop': 0.04980082434570003, 'cbet_freq_base': 0.6604908010879327, 'threebet_call_threshold_pct': 0.15329680232109558, 'fourbet_call_threshold_pct': 0.1110690432599215, 'fourbet_bluff_freq': 0.17970634687165526, 'k_commit': 5.940835545803448e-05, 'river_v2b_half_pot': 2.732066492356705, 'skb8_bet_to_mean_multiplier': 1.794861980604711, 'skb8_min_obs_for_signal': 48, 'skb8_min_bets_obs_for_signal': 3}. Best is trial 11 with value: 1262.0395163213634.
[I 2026-05-30 00:52:43,405] Trial 17 finished with value: 1213.4858031185718 and parameters: {'equity_call_threshold': 0.4990764177574563, 'pot_odds_buffer_normal': 0.1535978204240066, 'equity_thin_value': 0.46578704082401545, 'bluff_freq_ip': 0.011026278677476058, 'bluff_freq_oop': 0.029794098105032325, 'cbet_freq_base': 0.6293291373608454, 'threebet_call_threshold_pct': 0.19098172302910865, 'fourbet_call_threshold_pct': 0.09486395795241587, 'fourbet_bluff_freq': 0.0543396008764422, 'k_commit': 0.004216414823513474, 'river_v2b_half_pot': 2.4965739772560327, 'skb8_bet_to_mean_multiplier': 1.6458504577190622, 'skb8_min_obs_for_signal': 37, 'skb8_min_bets_obs_for_signal': 7}. Best is trial 11 with value: 1262.0395163213634.
[I 2026-05-30 00:53:25,383] Trial 18 finished with value: 1246.4199267906884 and parameters: {'equity_call_threshold': 0.44893363238458944, 'pot_odds_buffer_normal': 0.0885871981023288, 'equity_thin_value': 0.4588837924121462, 'bluff_freq_ip': 0.03117560709098327, 'bluff_freq_oop': 0.03720743945389996, 'cbet_freq_base': 0.6776112157068278, 'threebet_call_threshold_pct': 0.16136397581732703, 'fourbet_call_threshold_pct': 0.10641369134129482, 'fourbet_bluff_freq': 0.08943697696366348, 'k_commit': 0.0017524535604714058, 'river_v2b_half_pot': 2.865154604500805, 'skb8_bet_to_mean_multiplier': 1.890349734554762, 'skb8_min_obs_for_signal': 29, 'skb8_min_bets_obs_for_signal': 5}. Best is trial 11 with value: 1262.0395163213634.
[I 2026-05-30 00:54:07,554] Trial 19 finished with value: 1176.8736064864152 and parameters: {'equity_call_threshold': 0.4185395458410897, 'pot_odds_buffer_normal': 0.11069009624725319, 'equity_thin_value': 0.42334495161881136, 'bluff_freq_ip': 0.021375811624328254, 'bluff_freq_oop': 0.04407249542529686, 'cbet_freq_base': 0.6633327658002933, 'threebet_call_threshold_pct': 0.12938111124242063, 'fourbet_call_threshold_pct': 0.11523616508623474, 'fourbet_bluff_freq': 0.08434402111987711, 'k_commit': 0.004000890351095038, 'river_v2b_half_pot': 2.612680994530932, 'skb8_bet_to_mean_multiplier': 1.7682312224124286, 'skb8_min_obs_for_signal': 34, 'skb8_min_bets_obs_for_signal': 9}. Best is trial 11 with value: 1262.0395163213634.
[I 2026-05-30 00:54:48,227] Trial 20 finished with value: 1218.6355100815517 and parameters: {'equity_call_threshold': 0.48272862420677193, 'pot_odds_buffer_normal': 0.12780621794503294, 'equity_thin_value': 0.47718845282520894, 'bluff_freq_ip': 0.033344460614457824, 'bluff_freq_oop': 0.029978250668787076, 'cbet_freq_base': 0.6139284140937309, 'threebet_call_threshold_pct': 0.17260438999235445, 'fourbet_call_threshold_pct': 0.08070668729533945, 'fourbet_bluff_freq': 0.16996631472790835, 'k_commit': 0.0017993494096256546, 'river_v2b_half_pot': 2.181976493635296, 'skb8_bet_to_mean_multiplier': 1.6344744317149054, 'skb8_min_obs_for_signal': 39, 'skb8_min_bets_obs_for_signal': 5}. Best is trial 11 with value: 1262.0395163213634.
[I 2026-05-30 00:55:29,330] Trial 21 finished with value: 1244.3143447596078 and parameters: {'equity_call_threshold': 0.44483250779069095, 'pot_odds_buffer_normal': 0.09068622062765729, 'equity_thin_value': 0.4566027280729832, 'bluff_freq_ip': 0.03220070966080245, 'bluff_freq_oop': 0.03730765512940291, 'cbet_freq_base': 0.6795042690747973, 'threebet_call_threshold_pct': 0.1539241972898573, 'fourbet_call_threshold_pct': 0.1066030971237438, 'fourbet_bluff_freq': 0.0979881407697871, 'k_commit': 0.001048703794944755, 'river_v2b_half_pot': 2.921628033536181, 'skb8_bet_to_mean_multiplier': 1.8920774819380437, 'skb8_min_obs_for_signal': 29, 'skb8_min_bets_obs_for_signal': 4}. Best is trial 11 with value: 1262.0395163213634.
[I 2026-05-30 00:56:10,811] Trial 22 finished with value: 1245.7693508488733 and parameters: {'equity_call_threshold': 0.4517016173759364, 'pot_odds_buffer_normal': 0.08133448941611271, 'equity_thin_value': 0.4358093134475388, 'bluff_freq_ip': 0.029182196968788557, 'bluff_freq_oop': 0.03534090863706966, 'cbet_freq_base': 0.698182558607603, 'threebet_call_threshold_pct': 0.15832038699470355, 'fourbet_call_threshold_pct': 0.09703765643735053, 'fourbet_bluff_freq': 0.05048257616324396, 'k_commit': 0.002104399064325865, 'river_v2b_half_pot': 2.8175947389131832, 'skb8_bet_to_mean_multiplier': 1.9984812231340034, 'skb8_min_obs_for_signal': 29, 'skb8_min_bets_obs_for_signal': 5}. Best is trial 11 with value: 1262.0395163213634.
[I 2026-05-30 00:56:52,066] Trial 23 finished with value: 1280.419550614466 and parameters: {'equity_call_threshold': 0.42950287848733093, 'pot_odds_buffer_normal': 0.08896406307843874, 'equity_thin_value': 0.45886188552075596, 'bluff_freq_ip': 0.015155810150332367, 'bluff_freq_oop': 0.03915093425783368, 'cbet_freq_base': 0.672908806840983, 'threebet_call_threshold_pct': 0.18508371735191745, 'fourbet_call_threshold_pct': 0.12469949085503361, 'fourbet_bluff_freq': 0.07795347291812885, 'k_commit': 0.0053424090843469645, 'river_v2b_half_pot': 2.385222200794842, 'skb8_bet_to_mean_multiplier': 1.883489023622466, 'skb8_min_obs_for_signal': 45, 'skb8_min_bets_obs_for_signal': 3}. Best is trial 23 with value: 1280.419550614466.
[I 2026-05-30 00:57:33,781] Trial 24 finished with value: 1287.7652916320542 and parameters: {'equity_call_threshold': 0.4285672131230657, 'pot_odds_buffer_normal': 0.09207591327486185, 'equity_thin_value': 0.4484103083692418, 'bluff_freq_ip': 0.013365993725005737, 'bluff_freq_oop': 0.04131599559176704, 'cbet_freq_base': 0.6551646155098322, 'threebet_call_threshold_pct': 0.187412071245235, 'fourbet_call_threshold_pct': 0.13968452067147955, 'fourbet_bluff_freq': 0.08184378336806736, 'k_commit': 0.005812358366649676, 'river_v2b_half_pot': 2.4013476354752727, 'skb8_bet_to_mean_multiplier': 1.7639270251725894, 'skb8_min_obs_for_signal': 44, 'skb8_min_bets_obs_for_signal': 3}. Best is trial 24 with value: 1287.7652916320542.
[I 2026-05-30 00:58:15,547] Trial 25 finished with value: 1260.939389131798 and parameters: {'equity_call_threshold': 0.4096227799835368, 'pot_odds_buffer_normal': 0.10840934228804391, 'equity_thin_value': 0.48882301346066315, 'bluff_freq_ip': 0.015637826053215557, 'bluff_freq_oop': 0.04867109016926116, 'cbet_freq_base': 0.6549076803343169, 'threebet_call_threshold_pct': 0.19327167567899822, 'fourbet_call_threshold_pct': 0.13959432118319032, 'fourbet_bluff_freq': 0.07337678455012453, 'k_commit': 0.0075483778609911735, 'river_v2b_half_pot': 2.4133745669247544, 'skb8_bet_to_mean_multiplier': 1.77571580653362, 'skb8_min_obs_for_signal': 46, 'skb8_min_bets_obs_for_signal': 3}. Best is trial 24 with value: 1287.7652916320542.
[I 2026-05-30 00:58:56,636] Trial 26 finished with value: 1244.6691000177589 and parameters: {'equity_call_threshold': 0.41295960728372405, 'pot_odds_buffer_normal': 0.09513020849351954, 'equity_thin_value': 0.4146530493589746, 'bluff_freq_ip': 0.013463464610950078, 'bluff_freq_oop': 0.0411775207981393, 'cbet_freq_base': 0.630988939594064, 'threebet_call_threshold_pct': 0.2019978549541865, 'fourbet_call_threshold_pct': 0.12392805116775871, 'fourbet_bluff_freq': 0.1064114133296712, 'k_commit': 0.005310188966983959, 'river_v2b_half_pot': 2.071981286451588, 'skb8_bet_to_mean_multiplier': 1.9231012752215624, 'skb8_min_obs_for_signal': 47, 'skb8_min_bets_obs_for_signal': 3}. Best is trial 24 with value: 1287.7652916320542.
[I 2026-05-30 00:59:37,571] Trial 27 finished with value: 1219.3162180411305 and parameters: {'equity_call_threshold': 0.39075995116744827, 'pot_odds_buffer_normal': 0.10455047595660291, 'equity_thin_value': 0.45386122206872864, 'bluff_freq_ip': 0.021663519689293507, 'bluff_freq_oop': 0.04644254433660687, 'cbet_freq_base': 0.6719760782383577, 'threebet_call_threshold_pct': 0.17048007521821337, 'fourbet_call_threshold_pct': 0.13986957675782674, 'fourbet_bluff_freq': 0.07576958885540516, 'k_commit': 0.01144853132571961, 'river_v2b_half_pot': 2.3203617811621458, 'skb8_bet_to_mean_multiplier': 1.8574213471820407, 'skb8_min_obs_for_signal': 44, 'skb8_min_bets_obs_for_signal': 4}. Best is trial 24 with value: 1287.7652916320542.
[I 2026-05-30 01:00:18,737] Trial 28 finished with value: 1293.3518303755377 and parameters: {'equity_call_threshold': 0.4327621665392989, 'pot_odds_buffer_normal': 0.09163819994341964, 'equity_thin_value': 0.47291166625650394, 'bluff_freq_ip': 0.01433016851731187, 'bluff_freq_oop': 0.04187558936763843, 'cbet_freq_base': 0.648646180532529, 'threebet_call_threshold_pct': 0.18812619218238621, 'fourbet_call_threshold_pct': 0.12406624071213526, 'fourbet_bluff_freq': 0.10809601345772646, 'k_commit': 0.00763693356112541, 'river_v2b_half_pot': 2.68664022244518, 'skb8_bet_to_mean_multiplier': 1.7614798570645014, 'skb8_min_obs_for_signal': 37, 'skb8_min_bets_obs_for_signal': 3}. Best is trial 28 with value: 1293.3518303755377.
