[I 2026-05-30 01:21:28,702] Trial 59 finished with value: 1220.5951574504052 and parameters: {'equity_call_threshold': 0.4686949872384054, 'pot_odds_buffer_normal': 0.10880891351017505, 'equity_thin_value': 0.44689118313104764, 'bluff_freq_ip': 0.011852306962805583, 'bluff_freq_oop': 0.018664727813995155, 'cbet_freq_base': 0.6848102618646664, 'threebet_call_threshold_pct': 0.19393263394068214, 'fourbet_call_threshold_pct': 0.1387435629773956, 'fourbet_bluff_freq': 0.18441387508933693, 'k_commit': 0.009536479117088825, 'river_v2b_half_pot': 2.780033356410739, 'skb8_bet_to_mean_multiplier': 1.6255181184232668, 'skb8_min_obs_for_signal': 49, 'skb8_min_bets_obs_for_signal': 7}. Best is trial 28 with value: 1293.3518303755377.
[I 2026-05-30 01:22:10,408] Trial 60 finished with value: 1237.7023834555043 and parameters: {'equity_call_threshold': 0.44600521050170755, 'pot_odds_buffer_normal': 0.08366047367937975, 'equity_thin_value': 0.4000014985912929, 'bluff_freq_ip': 0.028289935386611842, 'bluff_freq_oop': 0.04085098576536448, 'cbet_freq_base': 0.5259362126607355, 'threebet_call_threshold_pct': 0.17044358472962004, 'fourbet_call_threshold_pct': 0.13199378029385095, 'fourbet_bluff_freq': 0.08201652594047998, 'k_commit': 0.006465705918391204, 'river_v2b_half_pot': 2.604144087877186, 'skb8_bet_to_mean_multiplier': 1.7439150698584538, 'skb8_min_obs_for_signal': 34, 'skb8_min_bets_obs_for_signal': 3}. Best is trial 28 with value: 1293.3518303755377.
[I 2026-05-30 01:22:51,316] Trial 61 finished with value: 1243.821485215399 and parameters: {'equity_call_threshold': 0.4007036547587167, 'pot_odds_buffer_normal': 0.10300370948092047, 'equity_thin_value': 0.468607856413406, 'bluff_freq_ip': 0.016951130390028678, 'bluff_freq_oop': 0.043997593310569724, 'cbet_freq_base': 0.6221940182507739, 'threebet_call_threshold_pct': 0.21068742849658398, 'fourbet_call_threshold_pct': 0.13551372174360807, 'fourbet_bluff_freq': 0.14793013953508133, 'k_commit': 0.006196177053393588, 'river_v2b_half_pot': 2.189241623164942, 'skb8_bet_to_mean_multiplier': 1.4375767954412035, 'skb8_min_obs_for_signal': 38, 'skb8_min_bets_obs_for_signal': 4}. Best is trial 28 with value: 1293.3518303755377.
[I 2026-05-30 01:23:31,778] Trial 62 finished with value: 1232.3614905688203 and parameters: {'equity_call_threshold': 0.4047240694970483, 'pot_odds_buffer_normal': 0.0983497359297179, 'equity_thin_value': 0.4819782490434269, 'bluff_freq_ip': 0.016340129516480766, 'bluff_freq_oop': 0.046813412467323574, 'cbet_freq_base': 0.6546500323178879, 'threebet_call_threshold_pct': 0.20554948666820985, 'fourbet_call_threshold_pct': 0.13582310485051316, 'fourbet_bluff_freq': 0.10529763815491007, 'k_commit': 0.005545279259321619, 'river_v2b_half_pot': 2.263615794856767, 'skb8_bet_to_mean_multiplier': 1.4492577207859862, 'skb8_min_obs_for_signal': 46, 'skb8_min_bets_obs_for_signal': 4}. Best is trial 28 with value: 1293.3518303755377.
[I 2026-05-30 01:24:12,712] Trial 63 finished with value: 1214.2752222575923 and parameters: {'equity_call_threshold': 0.3918367432048639, 'pot_odds_buffer_normal': 0.08985676035134038, 'equity_thin_value': 0.4729855707396613, 'bluff_freq_ip': 0.014269917522839603, 'bluff_freq_oop': 0.04281615658484705, 'cbet_freq_base': 0.6614612769946417, 'threebet_call_threshold_pct': 0.19919876716610255, 'fourbet_call_threshold_pct': 0.13377216079665083, 'fourbet_bluff_freq': 0.16707840225548498, 'k_commit': 0.00757133891616645, 'river_v2b_half_pot': 2.0765804425748904, 'skb8_bet_to_mean_multiplier': 1.5568690616371925, 'skb8_min_obs_for_signal': 40, 'skb8_min_bets_obs_for_signal': 4}. Best is trial 28 with value: 1293.3518303755377.
[I 2026-05-30 01:24:55,014] Trial 64 finished with value: 1246.4279144074153 and parameters: {'equity_call_threshold': 0.41953601935800133, 'pot_odds_buffer_normal': 0.09523555599751585, 'equity_thin_value': 0.45530059618208796, 'bluff_freq_ip': 0.033709454088448804, 'bluff_freq_oop': 0.044562542226211345, 'cbet_freq_base': 0.6712821276260269, 'threebet_call_threshold_pct': 0.21165487999106972, 'fourbet_call_threshold_pct': 0.12564594937923143, 'fourbet_bluff_freq': 0.1375484884013378, 'k_commit': 0.004841155884442387, 'river_v2b_half_pot': 2.3464008590998544, 'skb8_bet_to_mean_multiplier': 1.4932478732411427, 'skb8_min_obs_for_signal': 37, 'skb8_min_bets_obs_for_signal': 3}. Best is trial 28 with value: 1293.3518303755377.
[I 2026-05-30 01:25:35,965] Trial 65 finished with value: 1262.4242633692363 and parameters: {'equity_call_threshold': 0.38451507037372157, 'pot_odds_buffer_normal': 0.08040116158687877, 'equity_thin_value': 0.45088371727280757, 'bluff_freq_ip': 0.018946435010849652, 'bluff_freq_oop': 0.04866159215659805, 'cbet_freq_base': 0.6378457789492299, 'threebet_call_threshold_pct': 0.21912101113445692, 'fourbet_call_threshold_pct': 0.13997411202837032, 'fourbet_bluff_freq': 0.12524498985211885, 'k_commit': 0.005813359920779634, 'river_v2b_half_pot': 2.424508069635118, 'skb8_bet_to_mean_multiplier': 1.3568053461293161, 'skb8_min_obs_for_signal': 43, 'skb8_min_bets_obs_for_signal': 6}. Best is trial 28 with value: 1293.3518303755377.
[I 2026-05-30 01:26:16,721] Trial 66 finished with value: 1261.033542552425 and parameters: {'equity_call_threshold': 0.43071016852223404, 'pot_odds_buffer_normal': 0.0917973207148462, 'equity_thin_value': 0.46325788514181465, 'bluff_freq_ip': 0.022552404819160578, 'bluff_freq_oop': 0.03978000742566064, 'cbet_freq_base': 0.6135158935414496, 'threebet_call_threshold_pct': 0.1862475656456295, 'fourbet_call_threshold_pct': 0.12970870278057822, 'fourbet_bluff_freq': 0.15799735331010628, 'k_commit': 0.0035886735952041166, 'river_v2b_half_pot': 2.1220589638640375, 'skb8_bet_to_mean_multiplier': 1.784770916402343, 'skb8_min_obs_for_signal': 45, 'skb8_min_bets_obs_for_signal': 4}. Best is trial 28 with value: 1293.3518303755377.
[I 2026-05-30 01:26:57,512] Trial 67 finished with value: 1259.6256061410381 and parameters: {'equity_call_threshold': 0.4127876613420828, 'pot_odds_buffer_normal': 0.08798866034678746, 'equity_thin_value': 0.436963258125678, 'bluff_freq_ip': 0.04063107614566311, 'bluff_freq_oop': 0.041486780448014036, 'cbet_freq_base': 0.5986395238795656, 'threebet_call_threshold_pct': 0.1586337872527068, 'fourbet_call_threshold_pct': 0.13690875809159805, 'fourbet_bluff_freq': 0.1105422951182277, 'k_commit': 0.005177539405854961, 'river_v2b_half_pot': 2.3038783876072078, 'skb8_bet_to_mean_multiplier': 1.8785410777189064, 'skb8_min_obs_for_signal': 35, 'skb8_min_bets_obs_for_signal': 5}. Best is trial 28 with value: 1293.3518303755377.
[I 2026-05-30 01:27:38,105] Trial 68 finished with value: 1232.3346907258835 and parameters: {'equity_call_threshold': 0.42618230305413585, 'pot_odds_buffer_normal': 0.10650967717758467, 'equity_thin_value': 0.48856798001790036, 'bluff_freq_ip': 0.011397963747280247, 'bluff_freq_oop': 0.04561150618236022, 'cbet_freq_base': 0.648516921728607, 'threebet_call_threshold_pct': 0.19482093084184965, 'fourbet_call_threshold_pct': 0.13282157310575154, 'fourbet_bluff_freq': 0.2404542208637772, 'k_commit': 0.0074222890384768704, 'river_v2b_half_pot': 2.6678260397767977, 'skb8_bet_to_mean_multiplier': 1.3784331205345843, 'skb8_min_obs_for_signal': 31, 'skb8_min_bets_obs_for_signal': 3}. Best is trial 28 with value: 1293.3518303755377.
[I 2026-05-30 01:28:18,702] Trial 69 finished with value: 1213.4908544112814 and parameters: {'equity_call_threshold': 0.40305753376622755, 'pot_odds_buffer_normal': 0.10043980552195542, 'equity_thin_value': 0.4650431610719303, 'bluff_freq_ip': 0.01335066375223162, 'bluff_freq_oop': 0.03649169154933918, 'cbet_freq_base': 0.588728638741384, 'threebet_call_threshold_pct': 0.16311338784892843, 'fourbet_call_threshold_pct': 0.12344413344790942, 'fourbet_bluff_freq': 0.10092077069856303, 'k_commit': 0.008161217468071967, 'river_v2b_half_pot': 2.2238895967848444, 'skb8_bet_to_mean_multiplier': 1.8420868914253925, 'skb8_min_obs_for_signal': 41, 'skb8_min_bets_obs_for_signal': 4}. Best is trial 28 with value: 1293.3518303755377.
[I 2026-05-30 01:28:59,159] Trial 70 finished with value: 1217.3494516694332 and parameters: {'equity_call_threshold': 0.49929528162323855, 'pot_odds_buffer_normal': 0.17941302108315782, 'equity_thin_value': 0.43112646226363655, 'bluff_freq_ip': 0.020839077040172453, 'bluff_freq_oop': 0.03834223358731362, 'cbet_freq_base': 0.552021363864906, 'threebet_call_threshold_pct': 0.20706872192393053, 'fourbet_call_threshold_pct': 0.12110257546658701, 'fourbet_bluff_freq': 0.0682555482045458, 'k_commit': 0.008757660974499832, 'river_v2b_half_pot': 2.5046105779578682, 'skb8_bet_to_mean_multiplier': 1.9287647225820634, 'skb8_min_obs_for_signal': 39, 'skb8_min_bets_obs_for_signal': 3}. Best is trial 28 with value: 1293.3518303755377.
[I 2026-05-30 01:29:40,005] Trial 71 finished with value: 1294.7396540751856 and parameters: {'equity_call_threshold': 0.4340568549542513, 'pot_odds_buffer_normal': 0.08532110183886801, 'equity_thin_value': 0.43390383686395817, 'bluff_freq_ip': 0.02266405733280525, 'bluff_freq_oop': 0.04982409868438015, 'cbet_freq_base': 0.6372901014972446, 'threebet_call_threshold_pct': 0.18003892052437015, 'fourbet_call_threshold_pct': 0.1296778323913867, 'fourbet_bluff_freq': 0.1064617535920478, 'k_commit': 0.007314727086282903, 'river_v2b_half_pot': 2.6227859843348043, 'skb8_bet_to_mean_multiplier': 1.6652147351691389, 'skb8_min_obs_for_signal': 31, 'skb8_min_bets_obs_for_signal': 3}. Best is trial 71 with value: 1294.7396540751856.
[I 2026-05-30 01:30:20,829] Trial 72 finished with value: 1289.9320276558951 and parameters: {'equity_call_threshold': 0.4352071049011191, 'pot_odds_buffer_normal': 0.08352975712752642, 'equity_thin_value': 0.4407368791595493, 'bluff_freq_ip': 0.016873663704119794, 'bluff_freq_oop': 0.04937084555183231, 'cbet_freq_base': 0.6422097488629775, 'threebet_call_threshold_pct': 0.17594289108234645, 'fourbet_call_threshold_pct': 0.1275817615958447, 'fourbet_bluff_freq': 0.09340295917385387, 'k_commit': 0.006733233204634014, 'river_v2b_half_pot': 2.729487022705107, 'skb8_bet_to_mean_multiplier': 1.6832371583387595, 'skb8_min_obs_for_signal': 28, 'skb8_min_bets_obs_for_signal': 3}. Best is trial 71 with value: 1294.7396540751856.
[I 2026-05-30 01:31:01,970] Trial 73 finished with value: 1264.7557900752445 and parameters: {'equity_call_threshold': 0.44251006444553637, 'pot_odds_buffer_normal': 0.08342088705012908, 'equity_thin_value': 0.4423381835094931, 'bluff_freq_ip': 0.014471586541485214, 'bluff_freq_oop': 0.04985150711738556, 'cbet_freq_base': 0.668089217552232, 'threebet_call_threshold_pct': 0.17554418729120522, 'fourbet_call_threshold_pct': 0.12707937109182155, 'fourbet_bluff_freq': 0.08980216734793214, 'k_commit': 0.006705713422750906, 'river_v2b_half_pot': 2.716101524526554, 'skb8_bet_to_mean_multiplier': 1.661241026093324, 'skb8_min_obs_for_signal': 27, 'skb8_min_bets_obs_for_signal': 3}. Best is trial 71 with value: 1294.7396540751856.
[I 2026-05-30 01:31:42,649] Trial 74 finished with value: 1215.100304010661 and parameters: {'equity_call_threshold': 0.4320636979867807, 'pot_odds_buffer_normal': 0.08649007808312377, 'equity_thin_value': 0.4224900229456997, 'bluff_freq_ip': 0.024115470366076402, 'bluff_freq_oop': 0.04859191987191831, 'cbet_freq_base': 0.6292704555056027, 'threebet_call_threshold_pct': 0.1829244609899589, 'fourbet_call_threshold_pct': 0.08829402704955365, 'fourbet_bluff_freq': 0.084687476768829, 'k_commit': 0.007682741744632296, 'river_v2b_half_pot': 2.8768730486015177, 'skb8_bet_to_mean_multiplier': 1.7144639622419162, 'skb8_min_obs_for_signal': 24, 'skb8_min_bets_obs_for_signal': 3}. Best is trial 71 with value: 1294.7396540751856.
[I 2026-05-30 01:32:23,310] Trial 75 finished with value: 1228.1019254799019 and parameters: {'equity_call_threshold': 0.437459711374219, 'pot_odds_buffer_normal': 0.08218616124482657, 'equity_thin_value': 0.438985334459157, 'bluff_freq_ip': 0.030756038859138652, 'bluff_freq_oop': 0.04775846534460297, 'cbet_freq_base': 0.6403533269633428, 'threebet_call_threshold_pct': 0.1713691032276509, 'fourbet_call_threshold_pct': 0.1188109942397657, 'fourbet_bluff_freq': 0.07548148934912481, 'k_commit': 0.007261996461394103, 'river_v2b_half_pot': 2.761218871875444, 'skb8_bet_to_mean_multiplier': 1.6914434967242438, 'skb8_min_obs_for_signal': 28, 'skb8_min_bets_obs_for_signal': 3}. Best is trial 71 with value: 1294.7396540751856.
[I 2026-05-30 01:33:04,002] Trial 76 finished with value: 1276.3609286814037 and parameters: {'equity_call_threshold': 0.4339408151213708, 'pot_odds_buffer_normal': 0.08895533125584915, 'equity_thin_value': 0.4333291205478031, 'bluff_freq_ip': 0.016021309280678762, 'bluff_freq_oop': 0.04645749631815781, 'cbet_freq_base': 0.6575265051403122, 'threebet_call_threshold_pct': 0.19052739432336727, 'fourbet_call_threshold_pct': 0.12465638477096026, 'fourbet_bluff_freq': 0.1120816738375192, 'k_commit': 0.006908622507171462, 'river_v2b_half_pot': 2.5686447648034596, 'skb8_bet_to_mean_multiplier': 1.7499874020453148, 'skb8_min_obs_for_signal': 25, 'skb8_min_bets_obs_for_signal': 3}. Best is trial 71 with value: 1294.7396540751856.
[I 2026-05-30 01:33:44,751] Trial 77 finished with value: 1229.6856763519033 and parameters: {'equity_call_threshold': 0.44773581918795274, 'pot_odds_buffer_normal': 0.08939890368083059, 'equity_thin_value': 0.4304355256213256, 'bluff_freq_ip': 0.0165488381614839, 'bluff_freq_oop': 0.04757963144248463, 'cbet_freq_base': 0.6554248896274266, 'threebet_call_threshold_pct': 0.18076788968934276, 'fourbet_call_threshold_pct': 0.12413500767180678, 'fourbet_bluff_freq': 0.12079793196399768, 'k_commit': 0.004525080312140048, 'river_v2b_half_pot': 2.54557557072024, 'skb8_bet_to_mean_multiplier': 1.5904330763260304, 'skb8_min_obs_for_signal': 25, 'skb8_min_bets_obs_for_signal': 3}. Best is trial 71 with value: 1294.7396540751856.
[I 2026-05-30 01:34:24,970] Trial 78 finished with value: 1243.3515608803589 and parameters: {'equity_call_threshold': 0.43445489370907286, 'pot_odds_buffer_normal': 0.09398054242847867, 'equity_thin_value': 0.4352172225156455, 'bluff_freq_ip': 0.035829645802111634, 'bluff_freq_oop': 0.04635684314088021, 'cbet_freq_base': 0.6491292794956893, 'threebet_call_threshold_pct': 0.18910129706435563, 'fourbet_call_threshold_pct': 0.11657140861593225, 'fourbet_bluff_freq': 0.1111141649133475, 'k_commit': 0.0068962832479724555, 'river_v2b_half_pot': 2.63868702478824, 'skb8_bet_to_mean_multiplier': 1.642060120674763, 'skb8_min_obs_for_signal': 22, 'skb8_min_bets_obs_for_signal': 3}. Best is trial 71 with value: 1294.7396540751856.
[I 2026-05-30 01:35:05,839] Trial 79 finished with value: 1285.2631461555673 and parameters: {'equity_call_threshold': 0.42532410201849585, 'pot_odds_buffer_normal': 0.0850518545778469, 'equity_thin_value': 0.44419846211729797, 'bluff_freq_ip': 0.013129257121619775, 'bluff_freq_oop': 0.04913667761525714, 'cbet_freq_base': 0.6788690180736515, 'threebet_call_threshold_pct': 0.19179863966595573, 'fourbet_call_threshold_pct': 0.12676416868498924, 'fourbet_bluff_freq': 0.09391151782118684, 'k_commit': 0.0063185754495567025, 'river_v2b_half_pot': 2.5794994532399906, 'skb8_bet_to_mean_multiplier': 1.7535919496237689, 'skb8_min_obs_for_signal': 26, 'skb8_min_bets_obs_for_signal': 3}. Best is trial 71 with value: 1294.7396540751856.
[I 2026-05-30 01:35:46,526] Trial 80 finished with value: 1267.1624332910299 and parameters: {'equity_call_threshold': 0.42617508058533343, 'pot_odds_buffer_normal': 0.08540212638034371, 'equity_thin_value': 0.4520470148830359, 'bluff_freq_ip': 0.012946169379011115, 'bluff_freq_oop': 0.049294428332240466, 'cbet_freq_base': 0.6779303643219589, 'threebet_call_threshold_pct': 0.18571095908937796, 'fourbet_call_threshold_pct': 0.11204916837077164, 'fourbet_bluff_freq': 0.09365405010069619, 'k_commit': 0.005064417835243734, 'river_v2b_half_pot': 2.399790804634241, 'skb8_bet_to_mean_multiplier': 1.767082821974011, 'skb8_min_obs_for_signal': 30, 'skb8_min_bets_obs_for_signal': 10}. Best is trial 71 with value: 1294.7396540751856.
[I 2026-05-30 01:36:27,776] Trial 81 finished with value: 1214.2054670682612 and parameters: {'equity_call_threshold': 0.4418693059082345, 'pot_odds_buffer_normal': 0.0878934353323328, 'equity_thin_value': 0.446340807002665, 'bluff_freq_ip': 0.011305927743446121, 'bluff_freq_oop': 0.04851188239907661, 'cbet_freq_base': 0.6589139289630455, 'threebet_call_threshold_pct': 0.19036627650511523, 'fourbet_call_threshold_pct': 0.12732058023085033, 'fourbet_bluff_freq': 0.10527339638888636, 'k_commit': 0.006428072977265539, 'river_v2b_half_pot': 2.579825441842531, 'skb8_bet_to_mean_multiplier': 1.684976169472622, 'skb8_min_obs_for_signal': 26, 'skb8_min_bets_obs_for_signal': 3}. Best is trial 71 with value: 1294.7396540751856.
[I 2026-05-30 01:37:08,766] Trial 82 finished with value: 1246.7708071686973 and parameters: {'equity_call_threshold': 0.42039980726521564, 'pot_odds_buffer_normal': 0.09112947218938379, 'equity_thin_value': 0.4270324810303987, 'bluff_freq_ip': 0.01385847203955274, 'bluff_freq_oop': 0.04992682142030499, 'cbet_freq_base': 0.6928226625855705, 'threebet_call_threshold_pct': 0.17725706241825043, 'fourbet_call_threshold_pct': 0.12525138756999046, 'fourbet_bluff_freq': 0.09979144717468744, 'k_commit': 0.006137194270316523, 'river_v2b_half_pot': 2.4662568963210716, 'skb8_bet_to_mean_multiplier': 1.7326747919924235, 'skb8_min_obs_for_signal': 23, 'skb8_min_bets_obs_for_signal': 3}. Best is trial 71 with value: 1294.7396540751856.
[I 2026-05-30 01:37:49,723] Trial 83 finished with value: 1266.0968442273613 and parameters: {'equity_call_threshold': 0.42851020006595614, 'pot_odds_buffer_normal': 0.08002657571157522, 'equity_thin_value': 0.44445617785221486, 'bluff_freq_ip': 0.015811992314381143, 'bluff_freq_oop': 0.0470868537133214, 'cbet_freq_base': 0.6663175690076578, 'threebet_call_threshold_pct': 0.19662704125709643, 'fourbet_call_threshold_pct': 0.11991951449980216, 'fourbet_bluff_freq': 0.13336674688729874, 'k_commit': 0.006681740815226636, 'river_v2b_half_pot': 2.6809181720003377, 'skb8_bet_to_mean_multiplier': 1.7589841490200284, 'skb8_min_obs_for_signal': 28, 'skb8_min_bets_obs_for_signal': 9}. Best is trial 71 with value: 1294.7396540751856.
[I 2026-05-30 01:38:30,363] Trial 84 finished with value: 1228.931474857649 and parameters: {'equity_call_threshold': 0.4335806380723116, 'pot_odds_buffer_normal': 0.08451112392797476, 'equity_thin_value': 0.4192121657432586, 'bluff_freq_ip': 0.01784990688808887, 'bluff_freq_oop': 0.044808646429927525, 'cbet_freq_base': 0.68233794133909, 'threebet_call_threshold_pct': 0.19203004697519532, 'fourbet_call_threshold_pct': 0.12205410959835586, 'fourbet_bluff_freq': 0.08156617094747802, 'k_commit': 0.005629911506021673, 'river_v2b_half_pot': 2.5961172579871117, 'skb8_bet_to_mean_multiplier': 1.62239503895972, 'skb8_min_obs_for_signal': 20, 'skb8_min_bets_obs_for_signal': 3}. Best is trial 71 with value: 1294.7396540751856.
[I 2026-05-30 01:39:10,780] Trial 85 finished with value: 1249.3425355548318 and parameters: {'equity_call_threshold': 0.41569786872108216, 'pot_odds_buffer_normal': 0.09666580869329872, 'equity_thin_value': 0.4391777983620061, 'bluff_freq_ip': 0.019879930319195348, 'bluff_freq_oop': 0.032534845131307465, 'cbet_freq_base': 0.6334712094428486, 'threebet_call_threshold_pct': 0.1750481278887193, 'fourbet_call_threshold_pct': 0.1287760127471455, 'fourbet_bluff_freq': 0.11297058020917733, 'k_commit': 0.0071191992040400155, 'river_v2b_half_pot': 2.834114705880171, 'skb8_bet_to_mean_multiplier': 1.8027012642196163, 'skb8_min_obs_for_signal': 28, 'skb8_min_bets_obs_for_signal': 3}. Best is trial 71 with value: 1294.7396540751856.
[I 2026-05-30 01:39:51,571] Trial 86 finished with value: 1260.3646812924767 and parameters: {'equity_call_threshold': 0.4237982258997785, 'pot_odds_buffer_normal': 0.09283737797277752, 'equity_thin_value': 0.4321577363106075, 'bluff_freq_ip': 0.01545987688180256, 'bluff_freq_oop': 0.04889205854055446, 'cbet_freq_base': 0.6427215067339774, 'threebet_call_threshold_pct': 0.18638225555532892, 'fourbet_call_threshold_pct': 0.12432063385503753, 'fourbet_bluff_freq': 0.0909165904892113, 'k_commit': 0.008190022482622543, 'river_v2b_half_pot': 2.6388849321940433, 'skb8_bet_to_mean_multiplier': 1.5305012717715445, 'skb8_min_obs_for_signal': 26, 'skb8_min_bets_obs_for_signal': 3}. Best is trial 71 with value: 1294.7396540751856.
[I 2026-05-30 01:40:31,632] Trial 87 finished with value: 1253.95572099424 and parameters: {'equity_call_threshold': 0.4516879418237265, 'pot_odds_buffer_normal': 0.08823708608619962, 'equity_thin_value': 0.4569212212454157, 'bluff_freq_ip': 0.011494665558061811, 'bluff_freq_oop': 0.047695175905747414, 'cbet_freq_base': 0.6264699175651146, 'threebet_call_threshold_pct': 0.18167058463382113, 'fourbet_call_threshold_pct': 0.12671329450980415, 'fourbet_bluff_freq': 0.07151840754139943, 'k_commit': 0.005825626716071855, 'river_v2b_half_pot': 2.371077968098513, 'skb8_bet_to_mean_multiplier': 1.7149598105602541, 'skb8_min_obs_for_signal': 25, 'skb8_min_bets_obs_for_signal': 3}. Best is trial 71 with value: 1294.7396540751856.
[I 2026-05-30 01:41:12,234] Trial 88 finished with value: 1262.9203471398712 and parameters: {'equity_call_threshold': 0.4401169016844676, 'pot_odds_buffer_normal': 0.0818923038484084, 'equity_thin_value': 0.44047127063560226, 'bluff_freq_ip': 0.012778071625585159, 'bluff_freq_oop': 0.04598862730600742, 'cbet_freq_base': 0.6748397309315911, 'threebet_call_threshold_pct': 0.20122261241563058, 'fourbet_call_threshold_pct': 0.13176411759906367, 'fourbet_bluff_freq': 0.05963770334124332, 'k_commit': 0.005467268936606963, 'river_v2b_half_pot': 2.53260738336961, 'skb8_bet_to_mean_multiplier': 1.6551038332075376, 'skb8_min_obs_for_signal': 31, 'skb8_min_bets_obs_for_signal': 4}. Best is trial 71 with value: 1294.7396540751856.
