[I 2026-05-30 02:02:12,265] Trial 119 finished with value: 1267.4046691194626 and parameters: {'equity_call_threshold': 0.4620702639526645, 'pot_odds_buffer_normal': 0.0842615754931403, 'equity_thin_value': 0.47453008131235314, 'bluff_freq_ip': 0.01808547018768654, 'bluff_freq_oop': 0.03925958100561728, 'cbet_freq_base': 0.6751349974286366, 'threebet_call_threshold_pct': 0.18690186373712978, 'fourbet_call_threshold_pct': 0.12395075055763476, 'fourbet_bluff_freq': 0.10104247116734615, 'k_commit': 0.006407448944144075, 'river_v2b_half_pot': 2.581493176412233, 'skb8_bet_to_mean_multiplier': 1.7841869949697766, 'skb8_min_obs_for_signal': 25, 'skb8_min_bets_obs_for_signal': 3}. Best is trial 71 with value: 1294.7396540751856.
[I 2026-05-30 02:02:52,715] Trial 120 finished with value: 1271.3208239073265 and parameters: {'equity_call_threshold': 0.43960024625162897, 'pot_odds_buffer_normal': 0.08763079218658977, 'equity_thin_value': 0.4475308268559624, 'bluff_freq_ip': 0.035059173352952805, 'bluff_freq_oop': 0.04779587345672577, 'cbet_freq_base': 0.6463814217625535, 'threebet_call_threshold_pct': 0.20032093814166063, 'fourbet_call_threshold_pct': 0.10001107106212676, 'fourbet_bluff_freq': 0.1124459979019258, 'k_commit': 0.01184991149926058, 'river_v2b_half_pot': 2.3508560383858423, 'skb8_bet_to_mean_multiplier': 1.7239249766562856, 'skb8_min_obs_for_signal': 46, 'skb8_min_bets_obs_for_signal': 5}. Best is trial 71 with value: 1294.7396540751856.
[I 2026-05-30 02:03:33,287] Trial 121 finished with value: 1267.5811619372892 and parameters: {'equity_call_threshold': 0.4299203899688406, 'pot_odds_buffer_normal': 0.08511201163968031, 'equity_thin_value': 0.4298965270783375, 'bluff_freq_ip': 0.013980967781965068, 'bluff_freq_oop': 0.04744184779416369, 'cbet_freq_base': 0.664651845352098, 'threebet_call_threshold_pct': 0.18739603528923995, 'fourbet_call_threshold_pct': 0.10806379966706535, 'fourbet_bluff_freq': 0.07737306243147044, 'k_commit': 0.0081818664112009, 'river_v2b_half_pot': 2.9066620967835277, 'skb8_bet_to_mean_multiplier': 1.6846600324644203, 'skb8_min_obs_for_signal': 43, 'skb8_min_bets_obs_for_signal': 4}. Best is trial 71 with value: 1294.7396540751856.
[I 2026-05-30 02:04:13,827] Trial 122 finished with value: 1264.2421586563469 and parameters: {'equity_call_threshold': 0.4449279923514939, 'pot_odds_buffer_normal': 0.08176334295698817, 'equity_thin_value': 0.42710052391660364, 'bluff_freq_ip': 0.014637844474755341, 'bluff_freq_oop': 0.04917691972276182, 'cbet_freq_base': 0.6654552615907474, 'threebet_call_threshold_pct': 0.19058374820763915, 'fourbet_call_threshold_pct': 0.10804475251640953, 'fourbet_bluff_freq': 0.07781332234346328, 'k_commit': 0.007164149838340983, 'river_v2b_half_pot': 2.150492125691534, 'skb8_bet_to_mean_multiplier': 1.6620307317659473, 'skb8_min_obs_for_signal': 45, 'skb8_min_bets_obs_for_signal': 4}. Best is trial 71 with value: 1294.7396540751856.
[I 2026-05-30 02:04:54,445] Trial 123 finished with value: 1242.2644430580262 and parameters: {'equity_call_threshold': 0.46860406275703304, 'pot_odds_buffer_normal': 0.09077219414959477, 'equity_thin_value': 0.440415120656003, 'bluff_freq_ip': 0.011905593239280265, 'bluff_freq_oop': 0.04649650368566224, 'cbet_freq_base': 0.6009272245209727, 'threebet_call_threshold_pct': 0.18221074134407772, 'fourbet_call_threshold_pct': 0.13782514446605995, 'fourbet_bluff_freq': 0.06300146884806962, 'k_commit': 0.007524830674395747, 'river_v2b_half_pot': 2.6463255514294675, 'skb8_bet_to_mean_multiplier': 1.674675166523068, 'skb8_min_obs_for_signal': 43, 'skb8_min_bets_obs_for_signal': 4}. Best is trial 71 with value: 1294.7396540751856.
[I 2026-05-30 02:05:35,091] Trial 124 finished with value: 1250.1686594812222 and parameters: {'equity_call_threshold': 0.44792011053352176, 'pot_odds_buffer_normal': 0.08564809535397842, 'equity_thin_value': 0.43301163559458783, 'bluff_freq_ip': 0.013549827438236418, 'bluff_freq_oop': 0.04802807835892595, 'cbet_freq_base': 0.6510213282208163, 'threebet_call_threshold_pct': 0.18474781730420997, 'fourbet_call_threshold_pct': 0.10235906378806037, 'fourbet_bluff_freq': 0.09521458292807931, 'k_commit': 0.006856632371484868, 'river_v2b_half_pot': 2.8546992922322785, 'skb8_bet_to_mean_multiplier': 1.5989719342759392, 'skb8_min_obs_for_signal': 38, 'skb8_min_bets_obs_for_signal': 5}. Best is trial 71 with value: 1294.7396540751856.
[I 2026-05-30 02:06:15,854] Trial 125 finished with value: 1257.207226106434 and parameters: {'equity_call_threshold': 0.4428321064454114, 'pot_odds_buffer_normal': 0.09669475391055513, 'equity_thin_value': 0.4287963692770992, 'bluff_freq_ip': 0.016087142973640663, 'bluff_freq_oop': 0.02812786241987855, 'cbet_freq_base': 0.6571138077274382, 'threebet_call_threshold_pct': 0.18028002930104456, 'fourbet_call_threshold_pct': 0.13144100779793602, 'fourbet_bluff_freq': 0.08350483777624824, 'k_commit': 0.007379058871982774, 'river_v2b_half_pot': 2.513120307329611, 'skb8_bet_to_mean_multiplier': 1.7370083649692578, 'skb8_min_obs_for_signal': 30, 'skb8_min_bets_obs_for_signal': 3}. Best is trial 71 with value: 1294.7396540751856.
[I 2026-05-30 02:06:56,434] Trial 126 finished with value: 1224.7262096875825 and parameters: {'equity_call_threshold': 0.43376350690956755, 'pot_odds_buffer_normal': 0.08864942724686257, 'equity_thin_value': 0.43769872515469804, 'bluff_freq_ip': 0.03907216221658893, 'bluff_freq_oop': 0.04726507315129939, 'cbet_freq_base': 0.5807363295943772, 'threebet_call_threshold_pct': 0.17146059570445976, 'fourbet_call_threshold_pct': 0.10573920482673611, 'fourbet_bluff_freq': 0.06960774158201923, 'k_commit': 0.006615467607038142, 'river_v2b_half_pot': 2.4044932358819318, 'skb8_bet_to_mean_multiplier': 1.8068402349941306, 'skb8_min_obs_for_signal': 44, 'skb8_min_bets_obs_for_signal': 4}. Best is trial 71 with value: 1294.7396540751856.
[I 2026-05-30 02:07:36,695] Trial 127 finished with value: 1242.771956190664 and parameters: {'equity_call_threshold': 0.4371248173232698, 'pot_odds_buffer_normal': 0.0924913306904249, 'equity_thin_value': 0.4536218751866088, 'bluff_freq_ip': 0.02056003780499307, 'bluff_freq_oop': 0.04533548114435214, 'cbet_freq_base': 0.6778236247981853, 'threebet_call_threshold_pct': 0.20381085866372647, 'fourbet_call_threshold_pct': 0.10923051184134978, 'fourbet_bluff_freq': 0.11568089768018797, 'k_commit': 0.005955153895373615, 'river_v2b_half_pot': 2.7106560739545613, 'skb8_bet_to_mean_multiplier': 1.6477490903677794, 'skb8_min_obs_for_signal': 41, 'skb8_min_bets_obs_for_signal': 3}. Best is trial 71 with value: 1294.7396540751856.
[I 2026-05-30 02:08:16,967] Trial 128 finished with value: 1244.618036504259 and parameters: {'equity_call_threshold': 0.42193712256241633, 'pot_odds_buffer_normal': 0.08461915605509646, 'equity_thin_value': 0.4701312170583116, 'bluff_freq_ip': 0.012608180976650486, 'bluff_freq_oop': 0.04925507473247383, 'cbet_freq_base': 0.660695955538429, 'threebet_call_threshold_pct': 0.19190197876419327, 'fourbet_call_threshold_pct': 0.11350272449642372, 'fourbet_bluff_freq': 0.09729869447319373, 'k_commit': 0.006282919541013731, 'river_v2b_half_pot': 2.5624977756046636, 'skb8_bet_to_mean_multiplier': 1.7559702782944044, 'skb8_min_obs_for_signal': 35, 'skb8_min_bets_obs_for_signal': 3}. Best is trial 71 with value: 1294.7396540751856.
[I 2026-05-30 02:08:57,210] Trial 129 finished with value: 1215.3205529040565 and parameters: {'equity_call_threshold': 0.4948908731078102, 'pot_odds_buffer_normal': 0.08136814946662972, 'equity_thin_value': 0.4446154228077792, 'bluff_freq_ip': 0.014693402615537435, 'bluff_freq_oop': 0.012814149681029785, 'cbet_freq_base': 0.638094575939225, 'threebet_call_threshold_pct': 0.19577961464253094, 'fourbet_call_threshold_pct': 0.13523199456432708, 'fourbet_bluff_freq': 0.10583456360692345, 'k_commit': 0.005693773716438669, 'river_v2b_half_pot': 2.254686122007867, 'skb8_bet_to_mean_multiplier': 1.7091879099718723, 'skb8_min_obs_for_signal': 46, 'skb8_min_bets_obs_for_signal': 6}. Best is trial 71 with value: 1294.7396540751856.
[I 2026-05-30 02:09:37,799] Trial 130 finished with value: 1257.5104982806124 and parameters: {'equity_call_threshold': 0.47329301787863104, 'pot_odds_buffer_normal': 0.10509662209914457, 'equity_thin_value': 0.41103092272327035, 'bluff_freq_ip': 0.025326938517070664, 'bluff_freq_oop': 0.037936381194498, 'cbet_freq_base': 0.6713215075508959, 'threebet_call_threshold_pct': 0.17490158165264322, 'fourbet_call_threshold_pct': 0.12094253548498748, 'fourbet_bluff_freq': 0.056949032916079875, 'k_commit': 0.007891440299301524, 'river_v2b_half_pot': 2.9816393669251413, 'skb8_bet_to_mean_multiplier': 1.6279255103320933, 'skb8_min_obs_for_signal': 27, 'skb8_min_bets_obs_for_signal': 4}. Best is trial 71 with value: 1294.7396540751856.
[I 2026-05-30 02:10:17,831] Trial 131 finished with value: 1271.0051276374536 and parameters: {'equity_call_threshold': 0.4758829341395694, 'pot_odds_buffer_normal': 0.08720146717116907, 'equity_thin_value': 0.4259221802468887, 'bluff_freq_ip': 0.03429529018434882, 'bluff_freq_oop': 0.048149843114496896, 'cbet_freq_base': 0.6827646730905286, 'threebet_call_threshold_pct': 0.18792523003073075, 'fourbet_call_threshold_pct': 0.13046670530050686, 'fourbet_bluff_freq': 0.09437349608969245, 'k_commit': 0.010656083656076547, 'river_v2b_half_pot': 2.9392290777815724, 'skb8_bet_to_mean_multiplier': 1.8550687016288072, 'skb8_min_obs_for_signal': 33, 'skb8_min_bets_obs_for_signal': 3}. Best is trial 71 with value: 1294.7396540751856.
[I 2026-05-30 02:10:58,162] Trial 132 finished with value: 1257.515762810813 and parameters: {'equity_call_threshold': 0.4806945774279497, 'pot_odds_buffer_normal': 0.08804169396125024, 'equity_thin_value': 0.43528350621259465, 'bluff_freq_ip': 0.030107829417315157, 'bluff_freq_oop': 0.04852666793238009, 'cbet_freq_base': 0.6931532372947948, 'threebet_call_threshold_pct': 0.18701775500389517, 'fourbet_call_threshold_pct': 0.13347873056601944, 'fourbet_bluff_freq': 0.09222256485097213, 'k_commit': 0.009961465008670779, 'river_v2b_half_pot': 2.612588507396582, 'skb8_bet_to_mean_multiplier': 1.8570383537446842, 'skb8_min_obs_for_signal': 31, 'skb8_min_bets_obs_for_signal': 3}. Best is trial 71 with value: 1294.7396540751856.
[I 2026-05-30 02:11:38,776] Trial 133 finished with value: 1248.647855154774 and parameters: {'equity_call_threshold': 0.4280242349742153, 'pot_odds_buffer_normal': 0.09462162451975614, 'equity_thin_value': 0.43253931791678424, 'bluff_freq_ip': 0.0360973361339866, 'bluff_freq_oop': 0.046063921056216685, 'cbet_freq_base': 0.6867026544578514, 'threebet_call_threshold_pct': 0.18977539777455818, 'fourbet_call_threshold_pct': 0.12699662889656677, 'fourbet_bluff_freq': 0.08716915954787141, 'k_commit': 0.005093216978933512, 'river_v2b_half_pot': 2.6127672449427455, 'skb8_bet_to_mean_multiplier': 1.5827109404452642, 'skb8_min_obs_for_signal': 26, 'skb8_min_bets_obs_for_signal': 3}. Best is trial 71 with value: 1294.7396540751856.
[I 2026-05-30 02:12:19,355] Trial 134 finished with value: 1239.1469863977209 and parameters: {'equity_call_threshold': 0.4319974376820264, 'pot_odds_buffer_normal': 0.09079595239825906, 'equity_thin_value': 0.4196938086526273, 'bluff_freq_ip': 0.0328275246915726, 'bluff_freq_oop': 0.04233773242066381, 'cbet_freq_base': 0.681194300784634, 'threebet_call_threshold_pct': 0.18466332891849263, 'fourbet_call_threshold_pct': 0.13981808317852212, 'fourbet_bluff_freq': 0.07933098687049807, 'k_commit': 0.010213042769484792, 'river_v2b_half_pot': 2.661454686041396, 'skb8_bet_to_mean_multiplier': 1.967306176791516, 'skb8_min_obs_for_signal': 31, 'skb8_min_bets_obs_for_signal': 3}. Best is trial 71 with value: 1294.7396540751856.
[I 2026-05-30 02:12:59,442] Trial 135 finished with value: 1224.8359552862826 and parameters: {'equity_call_threshold': 0.4784050150459415, 'pot_odds_buffer_normal': 0.08618875210014622, 'equity_thin_value': 0.4382019307026407, 'bluff_freq_ip': 0.017141625178851413, 'bluff_freq_oop': 0.0498744556740792, 'cbet_freq_base': 0.5723718511998602, 'threebet_call_threshold_pct': 0.19802792048263526, 'fourbet_call_threshold_pct': 0.1317947026502666, 'fourbet_bluff_freq': 0.20474873167167174, 'k_commit': 0.009581591952424449, 'river_v2b_half_pot': 2.4843731742767288, 'skb8_bet_to_mean_multiplier': 1.8392294525966548, 'skb8_min_obs_for_signal': 28, 'skb8_min_bets_obs_for_signal': 3}. Best is trial 71 with value: 1294.7396540751856.
[I 2026-05-30 02:13:39,732] Trial 136 finished with value: 1285.3446175184708 and parameters: {'equity_call_threshold': 0.4861972654113038, 'pot_odds_buffer_normal': 0.08313761599674652, 'equity_thin_value': 0.44165964954936227, 'bluff_freq_ip': 0.0192507219285001, 'bluff_freq_oop': 0.046796220115664144, 'cbet_freq_base': 0.6543176034498519, 'threebet_call_threshold_pct': 0.18196083121635073, 'fourbet_call_threshold_pct': 0.1296902719577995, 'fourbet_bluff_freq': 0.09017909678077393, 'k_commit': 0.009150007040785309, 'river_v2b_half_pot': 2.763272901315505, 'skb8_bet_to_mean_multiplier': 1.8271268703175951, 'skb8_min_obs_for_signal': 47, 'skb8_min_bets_obs_for_signal': 3}. Best is trial 71 with value: 1294.7396540751856.
[I 2026-05-30 02:14:19,574] Trial 137 finished with value: 1139.6028270282345 and parameters: {'equity_call_threshold': 0.43699242896286505, 'pot_odds_buffer_normal': 0.08047825922126627, 'equity_thin_value': 0.4408662458222054, 'bluff_freq_ip': 0.01808487209438942, 'bluff_freq_oop': 0.04507124035148683, 'cbet_freq_base': 0.6433216200406304, 'threebet_call_threshold_pct': 0.10118265473612115, 'fourbet_call_threshold_pct': 0.12213764607473918, 'fourbet_bluff_freq': 0.21927123202370025, 'k_commit': 0.0069819933827514, 'river_v2b_half_pot': 2.7893540398982912, 'skb8_bet_to_mean_multiplier': 1.79632385525278, 'skb8_min_obs_for_signal': 48, 'skb8_min_bets_obs_for_signal': 3}. Best is trial 71 with value: 1294.7396540751856.
[I 2026-05-30 02:15:00,341] Trial 138 finished with value: 1237.0838841670832 and parameters: {'equity_call_threshold': 0.42538773984782763, 'pot_odds_buffer_normal': 0.0835870370165428, 'equity_thin_value': 0.46568345171483333, 'bluff_freq_ip': 0.015755131908949782, 'bluff_freq_oop': 0.04702598644769744, 'cbet_freq_base': 0.6545394156688201, 'threebet_call_threshold_pct': 0.16557295449427664, 'fourbet_call_threshold_pct': 0.12468871320193546, 'fourbet_bluff_freq': 0.10191703586583284, 'k_commit': 0.00840558988913056, 'river_v2b_half_pot': 2.956917541994686, 'skb8_bet_to_mean_multiplier': 1.7770935843598195, 'skb8_min_obs_for_signal': 45, 'skb8_min_bets_obs_for_signal': 4}. Best is trial 71 with value: 1294.7396540751856.
[I 2026-05-30 02:15:40,511] Trial 139 finished with value: 1218.704484308089 and parameters: {'equity_call_threshold': 0.4853236442158048, 'pot_odds_buffer_normal': 0.08942332946829434, 'equity_thin_value': 0.45051119451385435, 'bluff_freq_ip': 0.019392615914976062, 'bluff_freq_oop': 0.04428617312692292, 'cbet_freq_base': 0.6469085308576247, 'threebet_call_threshold_pct': 0.18224895264228608, 'fourbet_call_threshold_pct': 0.1277861314656878, 'fourbet_bluff_freq': 0.12834389503662932, 'k_commit': 0.007405493133422763, 'river_v2b_half_pot': 2.741249437914245, 'skb8_bet_to_mean_multiplier': 1.8289572159100855, 'skb8_min_obs_for_signal': 47, 'skb8_min_bets_obs_for_signal': 3}. Best is trial 71 with value: 1294.7396540751856.
[I 2026-05-30 02:16:20,566] Trial 140 finished with value: 1230.2625859731234 and parameters: {'equity_call_threshold': 0.48753401953654246, 'pot_odds_buffer_normal': 0.08305554468043877, 'equity_thin_value': 0.44526933222538023, 'bluff_freq_ip': 0.011115982637699152, 'bluff_freq_oop': 0.04074736073931727, 'cbet_freq_base': 0.664640636326821, 'threebet_call_threshold_pct': 0.17827163002492008, 'fourbet_call_threshold_pct': 0.13459324638361755, 'fourbet_bluff_freq': 0.10910309140086001, 'k_commit': 0.00930639840790802, 'river_v2b_half_pot': 2.695101984019665, 'skb8_bet_to_mean_multiplier': 1.8998465431437959, 'skb8_min_obs_for_signal': 42, 'skb8_min_bets_obs_for_signal': 3}. Best is trial 71 with value: 1294.7396540751856.
[I 2026-05-30 02:17:00,979] Trial 141 finished with value: 1235.6524699770732 and parameters: {'equity_call_threshold': 0.49461883575831417, 'pot_odds_buffer_normal': 0.08667093970354925, 'equity_thin_value': 0.4344195015547239, 'bluff_freq_ip': 0.013719572996388723, 'bluff_freq_oop': 0.048260977994685025, 'cbet_freq_base': 0.6578012015301457, 'threebet_call_threshold_pct': 0.18348354310218656, 'fourbet_call_threshold_pct': 0.12947466439208102, 'fourbet_bluff_freq': 0.09062358236708042, 'k_commit': 0.009625013603439593, 'river_v2b_half_pot': 2.769965977053806, 'skb8_bet_to_mean_multiplier': 1.8706199406805712, 'skb8_min_obs_for_signal': 49, 'skb8_min_bets_obs_for_signal': 3}. Best is trial 71 with value: 1294.7396540751856.
[I 2026-05-30 02:17:41,302] Trial 142 finished with value: 1251.6790727927887 and parameters: {'equity_call_threshold': 0.37798860706273796, 'pot_odds_buffer_normal': 0.09294384836599816, 'equity_thin_value': 0.42372915925903276, 'bluff_freq_ip': 0.027708900818133705, 'bluff_freq_oop': 0.04904088359683459, 'cbet_freq_base': 0.5571649688925033, 'threebet_call_threshold_pct': 0.18784864204201945, 'fourbet_call_threshold_pct': 0.11058849908511507, 'fourbet_bluff_freq': 0.08348986944811217, 'k_commit': 0.008736855983360475, 'river_v2b_half_pot': 2.557897825377749, 'skb8_bet_to_mean_multiplier': 1.858140395816076, 'skb8_min_obs_for_signal': 45, 'skb8_min_bets_obs_for_signal': 3}. Best is trial 71 with value: 1294.7396540751856.
[I 2026-05-30 02:18:21,715] Trial 143 finished with value: 1225.296850445944 and parameters: {'equity_call_threshold': 0.4763423086499454, 'pot_odds_buffer_normal': 0.09110419412736595, 'equity_thin_value': 0.4422613288241588, 'bluff_freq_ip': 0.03442481060879612, 'bluff_freq_oop': 0.02208074057387755, 'cbet_freq_base': 0.6522283236845982, 'threebet_call_threshold_pct': 0.18043841180311201, 'fourbet_call_threshold_pct': 0.13015953723504, 'fourbet_bluff_freq': 0.07435903911693342, 'k_commit': 0.010412188022541883, 'river_v2b_half_pot': 2.6447249882583663, 'skb8_bet_to_mean_multiplier': 1.8271847282805236, 'skb8_min_obs_for_signal': 44, 'skb8_min_bets_obs_for_signal': 3}. Best is trial 71 with value: 1294.7396540751856.
[I 2026-05-30 02:19:01,911] Trial 144 finished with value: 1240.28842831226 and parameters: {'equity_call_threshold': 0.4407966679057784, 'pot_odds_buffer_normal': 0.08459285040698575, 'equity_thin_value': 0.43016379079613215, 'bluff_freq_ip': 0.042026421020594826, 'bluff_freq_oop': 0.0467112785548627, 'cbet_freq_base': 0.6741620565582513, 'threebet_call_threshold_pct': 0.1930617324116127, 'fourbet_call_threshold_pct': 0.1261455075392787, 'fourbet_bluff_freq': 0.09907094378978873, 'k_commit': 0.010945938521037485, 'river_v2b_half_pot': 2.5931108408720833, 'skb8_bet_to_mean_multiplier': 1.8140282413980697, 'skb8_min_obs_for_signal': 35, 'skb8_min_bets_obs_for_signal': 3}. Best is trial 71 with value: 1294.7396540751856.
[I 2026-05-30 02:19:42,332] Trial 145 finished with value: 1193.3292345093596 and parameters: {'equity_call_threshold': 0.43286787502408797, 'pot_odds_buffer_normal': 0.1325324907834115, 'equity_thin_value': 0.44770357255696047, 'bluff_freq_ip': 0.01705468378188871, 'bluff_freq_oop': 0.04579633314981654, 'cbet_freq_base': 0.6698609411029599, 'threebet_call_threshold_pct': 0.17614347452860163, 'fourbet_call_threshold_pct': 0.13611885238742344, 'fourbet_bluff_freq': 0.08792905285487125, 'k_commit': 0.00900898780254124, 'river_v2b_half_pot': 2.2173695623018026, 'skb8_bet_to_mean_multiplier': 1.883590316815402, 'skb8_min_obs_for_signal': 36, 'skb8_min_bets_obs_for_signal': 3}. Best is trial 71 with value: 1294.7396540751856.
[I 2026-05-30 02:20:22,525] Trial 146 finished with value: 1224.2386770917485 and parameters: {'equity_call_threshold': 0.42996671143369586, 'pot_odds_buffer_normal': 0.08838593745975803, 'equity_thin_value': 0.4375211555125033, 'bluff_freq_ip': 0.03718519838754137, 'bluff_freq_oop': 0.04765316926420678, 'cbet_freq_base': 0.6970746335249094, 'threebet_call_threshold_pct': 0.1857902667435433, 'fourbet_call_threshold_pct': 0.12901933438431978, 'fourbet_bluff_freq': 0.11715180167627201, 'k_commit': 0.005430782932066223, 'river_v2b_half_pot': 2.5330419180743613, 'skb8_bet_to_mean_multiplier': 1.5150368665056724, 'skb8_min_obs_for_signal': 32, 'skb8_min_bets_obs_for_signal': 4}. Best is trial 71 with value: 1294.7396540751856.
[I 2026-05-30 02:21:02,435] Trial 147 finished with value: 1199.6669412748693 and parameters: {'equity_call_threshold': 0.4436068057603445, 'pot_odds_buffer_normal': 0.1548536063765406, 'equity_thin_value': 0.43301635950799267, 'bluff_freq_ip': 0.01475354795426218, 'bluff_freq_oop': 0.04362457502509604, 'cbet_freq_base': 0.6411204161529575, 'threebet_call_threshold_pct': 0.21160863741802477, 'fourbet_call_threshold_pct': 0.131891276142964, 'fourbet_bluff_freq': 0.0914873939708936, 'k_commit': 0.009911552327599613, 'river_v2b_half_pot': 1.8319461239722525, 'skb8_bet_to_mean_multiplier': 1.5520719145805342, 'skb8_min_obs_for_signal': 47, 'skb8_min_bets_obs_for_signal': 3}. Best is trial 71 with value: 1294.7396540751856.
