[I 2026-05-30 01:41:52,665] Trial 89 finished with value: 1187.7036235637065 and parameters: {'equity_call_threshold': 0.4351916393298079, 'pot_odds_buffer_normal': 0.14601728426394223, 'equity_thin_value': 0.44859441885707463, 'bluff_freq_ip': 0.04397284273436863, 'bluff_freq_oop': 0.0434876139936957, 'cbet_freq_base': 0.6585089267548958, 'threebet_call_threshold_pct': 0.16927551965547802, 'fourbet_call_threshold_pct': 0.11745936886569296, 'fourbet_bluff_freq': 0.12355684979357265, 'k_commit': 0.006256700044769734, 'river_v2b_half_pot': 2.430444663605059, 'skb8_bet_to_mean_multiplier': 1.748522210889819, 'skb8_min_obs_for_signal': 17, 'skb8_min_bets_obs_for_signal': 3}. Best is trial 71 with value: 1294.7396540751856.
[I 2026-05-30 01:42:33,050] Trial 90 finished with value: 1260.776796226441 and parameters: {'equity_call_threshold': 0.4291542777604149, 'pot_odds_buffer_normal': 0.09816134436965479, 'equity_thin_value': 0.407305956685854, 'bluff_freq_ip': 0.021410630677274375, 'bluff_freq_oop': 0.03429701490781631, 'cbet_freq_base': 0.6489614476463873, 'threebet_call_threshold_pct': 0.17346931473273064, 'fourbet_call_threshold_pct': 0.13072269770456044, 'fourbet_bluff_freq': 0.10703852692955027, 'k_commit': 0.006901357630058645, 'river_v2b_half_pot': 2.749064882713189, 'skb8_bet_to_mean_multiplier': 1.6068636237063438, 'skb8_min_obs_for_signal': 47, 'skb8_min_bets_obs_for_signal': 3}. Best is trial 71 with value: 1294.7396540751856.
[I 2026-05-30 01:43:13,558] Trial 91 finished with value: 1221.4874123746913 and parameters: {'equity_call_threshold': 0.41653882951994275, 'pot_odds_buffer_normal': 0.09450069773474848, 'equity_thin_value': 0.41133017245318537, 'bluff_freq_ip': 0.01880607427016263, 'bluff_freq_oop': 0.04655493009132931, 'cbet_freq_base': 0.5762378543660617, 'threebet_call_threshold_pct': 0.1793411663196333, 'fourbet_call_threshold_pct': 0.12989192147208356, 'fourbet_bluff_freq': 0.09692448973765605, 'k_commit': 0.007829297166072372, 'river_v2b_half_pot': 2.6807259453483185, 'skb8_bet_to_mean_multiplier': 1.836887445114312, 'skb8_min_obs_for_signal': 29, 'skb8_min_bets_obs_for_signal': 4}. Best is trial 71 with value: 1294.7396540751856.
[I 2026-05-30 01:43:54,704] Trial 92 finished with value: 1231.9221752318854 and parameters: {'equity_call_threshold': 0.4107269291521261, 'pot_odds_buffer_normal': 0.08665569002989178, 'equity_thin_value': 0.4352397619634563, 'bluff_freq_ip': 0.037772574857342, 'bluff_freq_oop': 0.04045276955592709, 'cbet_freq_base': 0.5603197589315542, 'threebet_call_threshold_pct': 0.18336628401007052, 'fourbet_call_threshold_pct': 0.13472816943182972, 'fourbet_bluff_freq': 0.19558828868937134, 'k_commit': 0.007425216028466997, 'river_v2b_half_pot': 2.715863402449254, 'skb8_bet_to_mean_multiplier': 1.783448054004018, 'skb8_min_obs_for_signal': 33, 'skb8_min_bets_obs_for_signal': 4}. Best is trial 71 with value: 1294.7396540751856.
[I 2026-05-30 01:44:35,293] Trial 93 finished with value: 1220.5167567248227 and parameters: {'equity_call_threshold': 0.4240996908303599, 'pot_odds_buffer_normal': 0.09098348913505792, 'equity_thin_value': 0.4213314347139567, 'bluff_freq_ip': 0.010031560271393881, 'bluff_freq_oop': 0.04203975719728738, 'cbet_freq_base': 0.5716282418058463, 'threebet_call_threshold_pct': 0.16716954124261368, 'fourbet_call_threshold_pct': 0.13816105510319476, 'fourbet_bluff_freq': 0.0860252471817573, 'k_commit': 0.00888119544212518, 'river_v2b_half_pot': 2.557323706802284, 'skb8_bet_to_mean_multiplier': 1.7254760577364507, 'skb8_min_obs_for_signal': 30, 'skb8_min_bets_obs_for_signal': 3}. Best is trial 71 with value: 1294.7396540751856.
[I 2026-05-30 01:45:15,425] Trial 94 finished with value: 1235.4404077948402 and parameters: {'equity_call_threshold': 0.4384429245457475, 'pot_odds_buffer_normal': 0.12469386060544678, 'equity_thin_value': 0.44453590140141847, 'bluff_freq_ip': 0.017918088079788275, 'bluff_freq_oop': 0.045087897422209984, 'cbet_freq_base': 0.5834905511722446, 'threebet_call_threshold_pct': 0.19072124486484388, 'fourbet_call_threshold_pct': 0.1287280672237045, 'fourbet_bluff_freq': 0.11626730448847118, 'k_commit': 0.006562478954122069, 'river_v2b_half_pot': 2.494350708231122, 'skb8_bet_to_mean_multiplier': 1.8157256543449694, 'skb8_min_obs_for_signal': 24, 'skb8_min_bets_obs_for_signal': 3}. Best is trial 71 with value: 1294.7396540751856.
[I 2026-05-30 01:45:56,746] Trial 95 finished with value: 1273.5607585886812 and parameters: {'equity_call_threshold': 0.4449865594075793, 'pot_odds_buffer_normal': 0.08492131728929551, 'equity_thin_value': 0.4281968131849178, 'bluff_freq_ip': 0.014208822914091443, 'bluff_freq_oop': 0.04772691174891942, 'cbet_freq_base': 0.6643454311214347, 'threebet_call_threshold_pct': 0.1870906930180929, 'fourbet_call_threshold_pct': 0.10813047032406446, 'fourbet_bluff_freq': 0.07754909049665731, 'k_commit': 0.007324646091255074, 'river_v2b_half_pot': 2.96221391176479, 'skb8_bet_to_mean_multiplier': 1.67690805856504, 'skb8_min_obs_for_signal': 43, 'skb8_min_bets_obs_for_signal': 4}. Best is trial 71 with value: 1294.7396540751856.
[I 2026-05-30 01:46:38,523] Trial 96 finished with value: 1147.3646483837938 and parameters: {'equity_call_threshold': 0.4328575582227529, 'pot_odds_buffer_normal': 0.08885252032104896, 'equity_thin_value': 0.41683432987768, 'bluff_freq_ip': 0.015126582377828806, 'bluff_freq_oop': 0.0440063005993036, 'cbet_freq_base': 0.6514333389551307, 'threebet_call_threshold_pct': 0.12791389911102663, 'fourbet_call_threshold_pct': 0.1228018583400928, 'fourbet_bluff_freq': 0.10305840695463375, 'k_commit': 0.010542316149539186, 'river_v2b_half_pot': 2.629438746819903, 'skb8_bet_to_mean_multiplier': 1.5501714039920402, 'skb8_min_obs_for_signal': 35, 'skb8_min_bets_obs_for_signal': 3}. Best is trial 71 with value: 1294.7396540751856.
[I 2026-05-30 01:47:19,981] Trial 97 finished with value: 1271.4573882001418 and parameters: {'equity_call_threshold': 0.45663288277134295, 'pot_odds_buffer_normal': 0.0830788186853085, 'equity_thin_value': 0.46003032659413196, 'bluff_freq_ip': 0.016499499527795492, 'bluff_freq_oop': 0.03868279566253624, 'cbet_freq_base': 0.6681853347554606, 'threebet_call_threshold_pct': 0.19707657387024125, 'fourbet_call_threshold_pct': 0.12646747998005162, 'fourbet_bluff_freq': 0.09483909032515901, 'k_commit': 0.008413681670435477, 'river_v2b_half_pot': 2.7944453338331185, 'skb8_bet_to_mean_multiplier': 1.7739296919941108, 'skb8_min_obs_for_signal': 27, 'skb8_min_bets_obs_for_signal': 3}. Best is trial 71 with value: 1294.7396540751856.
[I 2026-05-30 01:48:00,478] Trial 98 finished with value: 1261.4668223263152 and parameters: {'equity_call_threshold': 0.4908625246429115, 'pot_odds_buffer_normal': 0.09214522215243605, 'equity_thin_value': 0.42449672522362253, 'bluff_freq_ip': 0.05966117094083762, 'bluff_freq_oop': 0.04586131978718967, 'cbet_freq_base': 0.5887567342555641, 'threebet_call_threshold_pct': 0.17891094038158195, 'fourbet_call_threshold_pct': 0.13365909537046572, 'fourbet_bluff_freq': 0.12900897519713123, 'k_commit': 0.00792941680594232, 'river_v2b_half_pot': 2.5871379085661896, 'skb8_bet_to_mean_multiplier': 1.6951144704097807, 'skb8_min_obs_for_signal': 33, 'skb8_min_bets_obs_for_signal': 5}. Best is trial 71 with value: 1294.7396540751856.
[I 2026-05-30 01:48:41,020] Trial 99 finished with value: 1250.6793038067804 and parameters: {'equity_call_threshold': 0.42153687003188806, 'pot_odds_buffer_normal': 0.095946853921965, 'equity_thin_value': 0.45371572339163063, 'bluff_freq_ip': 0.012392309217137026, 'bluff_freq_oop': 0.04285961149428267, 'cbet_freq_base': 0.6366891804975511, 'threebet_call_threshold_pct': 0.19245541810977448, 'fourbet_call_threshold_pct': 0.1309536497006666, 'fourbet_bluff_freq': 0.17804608181756634, 'k_commit': 0.005942509431683139, 'river_v2b_half_pot': 2.6584342055776378, 'skb8_bet_to_mean_multiplier': 1.8829958174719834, 'skb8_min_obs_for_signal': 32, 'skb8_min_bets_obs_for_signal': 4}. Best is trial 71 with value: 1294.7396540751856.
[I 2026-05-30 01:49:21,831] Trial 100 finished with value: 1219.2337993281242 and parameters: {'equity_call_threshold': 0.351422461951831, 'pot_odds_buffer_normal': 0.08593158481430113, 'equity_thin_value': 0.4772095485322116, 'bluff_freq_ip': 0.020006402431331078, 'bluff_freq_oop': 0.048926462233915946, 'cbet_freq_base': 0.6878537495962752, 'threebet_call_threshold_pct': 0.1840405876650864, 'fourbet_call_threshold_pct': 0.13676009606634237, 'fourbet_bluff_freq': 0.0527578845534228, 'k_commit': 0.007712909835393626, 'river_v2b_half_pot': 2.5223993760007306, 'skb8_bet_to_mean_multiplier': 1.745206741547809, 'skb8_min_obs_for_signal': 45, 'skb8_min_bets_obs_for_signal': 7}. Best is trial 71 with value: 1294.7396540751856.
[I 2026-05-30 01:50:02,371] Trial 101 finished with value: 1259.2607449587974 and parameters: {'equity_call_threshold': 0.3655037789007832, 'pot_odds_buffer_normal': 0.10369330850545308, 'equity_thin_value': 0.4684011275368792, 'bluff_freq_ip': 0.016824380928393536, 'bluff_freq_oop': 0.04009148105570681, 'cbet_freq_base': 0.613815717034428, 'threebet_call_threshold_pct': 0.1992886760872644, 'fourbet_call_threshold_pct': 0.13525627093668888, 'fourbet_bluff_freq': 0.11794154209582523, 'k_commit': 0.006175288155639648, 'river_v2b_half_pot': 2.3335797887536947, 'skb8_bet_to_mean_multiplier': 1.7965723320427882, 'skb8_min_obs_for_signal': 37, 'skb8_min_bets_obs_for_signal': 4}. Best is trial 71 with value: 1294.7396540751856.
[I 2026-05-30 01:50:42,669] Trial 102 finished with value: 1260.010832178381 and parameters: {'equity_call_threshold': 0.4274963060947081, 'pot_odds_buffer_normal': 0.09929865152085564, 'equity_thin_value': 0.4489484348146531, 'bluff_freq_ip': 0.015773873133026382, 'bluff_freq_oop': 0.041206783810537405, 'cbet_freq_base': 0.6223910266535828, 'threebet_call_threshold_pct': 0.21307848514364447, 'fourbet_call_threshold_pct': 0.1323104236342271, 'fourbet_bluff_freq': 0.13811208149109083, 'k_commit': 0.006874548060757624, 'river_v2b_half_pot': 2.695416569165202, 'skb8_bet_to_mean_multiplier': 1.46841842620794, 'skb8_min_obs_for_signal': 34, 'skb8_min_bets_obs_for_signal': 5}. Best is trial 71 with value: 1294.7396540751856.
[I 2026-05-30 01:51:23,495] Trial 103 finished with value: 1218.494567972996 and parameters: {'equity_call_threshold': 0.43687045294275006, 'pot_odds_buffer_normal': 0.08971852626609925, 'equity_thin_value': 0.47275352915682367, 'bluff_freq_ip': 0.054571125639460843, 'bluff_freq_oop': 0.046815358125216006, 'cbet_freq_base': 0.6457538440300697, 'threebet_call_threshold_pct': 0.2167006479414998, 'fourbet_call_threshold_pct': 0.12902840437322013, 'fourbet_bluff_freq': 0.10981004897286407, 'k_commit': 0.007194658952644229, 'river_v2b_half_pot': 1.5835826144887157, 'skb8_bet_to_mean_multiplier': 1.5089965285335243, 'skb8_min_obs_for_signal': 35, 'skb8_min_bets_obs_for_signal': 3}. Best is trial 71 with value: 1294.7396540751856.
[I 2026-05-30 01:52:04,387] Trial 104 finished with value: 1250.9990703248013 and parameters: {'equity_call_threshold': 0.4300866258877451, 'pot_odds_buffer_normal': 0.10194882750573989, 'equity_thin_value': 0.4040238083095087, 'bluff_freq_ip': 0.01885978803232042, 'bluff_freq_oop': 0.044414474591861555, 'cbet_freq_base': 0.6409917420492409, 'threebet_call_threshold_pct': 0.1769884653448951, 'fourbet_call_threshold_pct': 0.13906582061916348, 'fourbet_bluff_freq': 0.1897391543258735, 'k_commit': 0.00645765628519849, 'river_v2b_half_pot': 2.2897460075398532, 'skb8_bet_to_mean_multiplier': 1.569469045812399, 'skb8_min_obs_for_signal': 47, 'skb8_min_bets_obs_for_signal': 4}. Best is trial 71 with value: 1294.7396540751856.
[I 2026-05-30 01:52:44,923] Trial 105 finished with value: 1269.9729771600153 and parameters: {'equity_call_threshold': 0.4849322259161308, 'pot_odds_buffer_normal': 0.0934393627499819, 'equity_thin_value': 0.462925361735754, 'bluff_freq_ip': 0.014072493904031471, 'bluff_freq_oop': 0.04344039211226081, 'cbet_freq_base': 0.6567497833362149, 'threebet_call_threshold_pct': 0.2055755927435218, 'fourbet_call_threshold_pct': 0.12767864389432304, 'fourbet_bluff_freq': 0.14948439489750567, 'k_commit': 0.0041915421346903165, 'river_v2b_half_pot': 2.7415135362503884, 'skb8_bet_to_mean_multiplier': 1.271853816953192, 'skb8_min_obs_for_signal': 44, 'skb8_min_bets_obs_for_signal': 4}. Best is trial 71 with value: 1294.7396540751856.
[I 2026-05-30 01:53:25,388] Trial 106 finished with value: 1226.7105554785408 and parameters: {'equity_call_threshold': 0.4409549149309639, 'pot_odds_buffer_normal': 0.11788313554128733, 'equity_thin_value': 0.5263096943712599, 'bluff_freq_ip': 0.022443288718944476, 'bluff_freq_oop': 0.041744499738204995, 'cbet_freq_base': 0.6327374928744683, 'threebet_call_threshold_pct': 0.20146912120805832, 'fourbet_call_threshold_pct': 0.12529396102346674, 'fourbet_bluff_freq': 0.2117873098455303, 'k_commit': 0.004972516703243515, 'river_v2b_half_pot': 2.382159523022527, 'skb8_bet_to_mean_multiplier': 1.3947577623866267, 'skb8_min_obs_for_signal': 49, 'skb8_min_bets_obs_for_signal': 3}. Best is trial 71 with value: 1294.7396540751856.
[I 2026-05-30 01:54:06,244] Trial 107 finished with value: 1278.063889040326 and parameters: {'equity_call_threshold': 0.46002035280609366, 'pot_odds_buffer_normal': 0.09657224203057213, 'equity_thin_value': 0.4570538373801392, 'bluff_freq_ip': 0.034044246049066904, 'bluff_freq_oop': 0.04815695946409693, 'cbet_freq_base': 0.6615477710090171, 'threebet_call_threshold_pct': 0.19523293904202368, 'fourbet_call_threshold_pct': 0.13614286462794067, 'fourbet_bluff_freq': 0.0882968845373783, 'k_commit': 0.005339114410332333, 'river_v2b_half_pot': 2.2295895842150553, 'skb8_bet_to_mean_multiplier': 1.8494865253662705, 'skb8_min_obs_for_signal': 36, 'skb8_min_bets_obs_for_signal': 3}. Best is trial 71 with value: 1294.7396540751856.
[I 2026-05-30 01:54:46,708] Trial 108 finished with value: 1233.1919687222883 and parameters: {'equity_call_threshold': 0.45901258457899224, 'pot_odds_buffer_normal': 0.09585977460703853, 'equity_thin_value': 0.5497425264597955, 'bluff_freq_ip': 0.026464459369701317, 'bluff_freq_oop': 0.04928594011826292, 'cbet_freq_base': 0.6744318759228572, 'threebet_call_threshold_pct': 0.19605956584140277, 'fourbet_call_threshold_pct': 0.1330162305247923, 'fourbet_bluff_freq': 0.06665208026002313, 'k_commit': 0.01116838141040349, 'river_v2b_half_pot': 2.1658385210273994, 'skb8_bet_to_mean_multiplier': 1.9113449164731673, 'skb8_min_obs_for_signal': 32, 'skb8_min_bets_obs_for_signal': 3}. Best is trial 71 with value: 1294.7396540751856.
[I 2026-05-30 01:55:26,960] Trial 109 finished with value: 1243.6551643523612 and parameters: {'equity_call_threshold': 0.4503118080351609, 'pot_odds_buffer_normal': 0.09208475715085136, 'equity_thin_value': 0.4564086435033149, 'bluff_freq_ip': 0.0500561194080974, 'bluff_freq_oop': 0.04547722638273434, 'cbet_freq_base': 0.6623650548311572, 'threebet_call_threshold_pct': 0.17369078751952038, 'fourbet_call_threshold_pct': 0.1374557911886397, 'fourbet_bluff_freq': 0.08139694713610014, 'k_commit': 0.005283050506549034, 'river_v2b_half_pot': 2.4722673384740417, 'skb8_bet_to_mean_multiplier': 1.872953700757702, 'skb8_min_obs_for_signal': 29, 'skb8_min_bets_obs_for_signal': 3}. Best is trial 71 with value: 1294.7396540751856.
[I 2026-05-30 01:56:07,552] Trial 110 finished with value: 1272.8305679469677 and parameters: {'equity_call_threshold': 0.4756655066880383, 'pot_odds_buffer_normal': 0.08743746940184144, 'equity_thin_value': 0.4337822101466953, 'bluff_freq_ip': 0.034085882692986305, 'bluff_freq_oop': 0.04840727149864924, 'cbet_freq_base': 0.682858848793265, 'threebet_call_threshold_pct': 0.1883188952091547, 'fourbet_call_threshold_pct': 0.1309096792879205, 'fourbet_bluff_freq': 0.09086207906004044, 'k_commit': 0.009787051356730797, 'river_v2b_half_pot': 2.619427316701394, 'skb8_bet_to_mean_multiplier': 1.8537207584123852, 'skb8_min_obs_for_signal': 31, 'skb8_min_bets_obs_for_signal': 3}. Best is trial 71 with value: 1294.7396540751856.
[I 2026-05-30 01:56:48,075] Trial 111 finished with value: 1227.0227034601012 and parameters: {'equity_call_threshold': 0.39603925511475774, 'pot_odds_buffer_normal': 0.0982427127209109, 'equity_thin_value': 0.4674791343768535, 'bluff_freq_ip': 0.03195735946831236, 'bluff_freq_oop': 0.0472473495612119, 'cbet_freq_base': 0.6695767771853528, 'threebet_call_threshold_pct': 0.20918199729933837, 'fourbet_call_threshold_pct': 0.1358211194814289, 'fourbet_bluff_freq': 0.0998793774186148, 'k_commit': 0.004681451565576224, 'river_v2b_half_pot': 2.1936362522729227, 'skb8_bet_to_mean_multiplier': 1.317278329872859, 'skb8_min_obs_for_signal': 38, 'skb8_min_bets_obs_for_signal': 4}. Best is trial 71 with value: 1294.7396540751856.
[I 2026-05-30 01:57:28,489] Trial 112 finished with value: 1238.541343811427 and parameters: {'equity_call_threshold': 0.46546708209709725, 'pot_odds_buffer_normal': 0.10847851617099151, 'equity_thin_value': 0.48395066060190917, 'bluff_freq_ip': 0.03749896239991939, 'bluff_freq_oop': 0.04998274003602377, 'cbet_freq_base': 0.6528024483064895, 'threebet_call_threshold_pct': 0.19405656583665604, 'fourbet_call_threshold_pct': 0.13888491483663196, 'fourbet_bluff_freq': 0.2713824672485421, 'k_commit': 0.0058257129961056964, 'river_v2b_half_pot': 2.2218203551712965, 'skb8_bet_to_mean_multiplier': 1.8212018367346783, 'skb8_min_obs_for_signal': 37, 'skb8_min_bets_obs_for_signal': 3}. Best is trial 71 with value: 1294.7396540751856.
[I 2026-05-30 01:58:09,343] Trial 113 finished with value: 1263.0795073815061 and parameters: {'equity_call_threshold': 0.4452315376507387, 'pot_odds_buffer_normal': 0.08252849066666686, 'equity_thin_value': 0.43718408194794245, 'bluff_freq_ip': 0.01737779846906424, 'bluff_freq_oop': 0.046251746739370686, 'cbet_freq_base': 0.6081350900896008, 'threebet_call_threshold_pct': 0.18496655190968095, 'fourbet_call_threshold_pct': 0.13439624487337185, 'fourbet_bluff_freq': 0.08867884728074107, 'k_commit': 0.005648956063366171, 'river_v2b_half_pot': 2.26526018313657, 'skb8_bet_to_mean_multiplier': 1.8409691440877214, 'skb8_min_obs_for_signal': 36, 'skb8_min_bets_obs_for_signal': 3}. Best is trial 71 with value: 1294.7396540751856.
[I 2026-05-30 01:58:49,970] Trial 114 finished with value: 1234.9952437650418 and parameters: {'equity_call_threshold': 0.45412609934954185, 'pot_odds_buffer_normal': 0.08980609554846546, 'equity_thin_value': 0.4781417022447896, 'bluff_freq_ip': 0.01314277955715072, 'bluff_freq_oop': 0.010520612973916016, 'cbet_freq_base': 0.5758591394097531, 'threebet_call_threshold_pct': 0.1813767957880235, 'fourbet_call_threshold_pct': 0.12980847260626482, 'fourbet_bluff_freq': 0.10655962204755985, 'k_commit': 0.0061205752671226465, 'river_v2b_half_pot': 2.1160045421118214, 'skb8_bet_to_mean_multiplier': 1.9373988809722016, 'skb8_min_obs_for_signal': 42, 'skb8_min_bets_obs_for_signal': 3}. Best is trial 71 with value: 1294.7396540751856.
[I 2026-05-30 01:59:30,639] Trial 115 finished with value: 1235.1378789272821 and parameters: {'equity_call_threshold': 0.4321200716280345, 'pot_odds_buffer_normal': 0.09427246433023959, 'equity_thin_value': 0.44292490834445175, 'bluff_freq_ip': 0.040142955290574114, 'bluff_freq_oop': 0.04828115110586377, 'cbet_freq_base': 0.5673307660960983, 'threebet_call_threshold_pct': 0.18914438240711107, 'fourbet_call_threshold_pct': 0.1365218309988894, 'fourbet_bluff_freq': 0.07292170663566623, 'k_commit': 0.006714122066063061, 'river_v2b_half_pot': 2.305313421751486, 'skb8_bet_to_mean_multiplier': 1.8967592550952839, 'skb8_min_obs_for_signal': 24, 'skb8_min_bets_obs_for_signal': 4}. Best is trial 71 with value: 1294.7396540751856.
[I 2026-05-30 02:00:10,859] Trial 116 finished with value: 1211.1995560211055 and parameters: {'equity_call_threshold': 0.4255083702282297, 'pot_odds_buffer_normal': 0.11140422569425719, 'equity_thin_value': 0.4516032136417183, 'bluff_freq_ip': 0.016310623197080425, 'bluff_freq_oop': 0.04419681436367669, 'cbet_freq_base': 0.5936647094192664, 'threebet_call_threshold_pct': 0.192659012191517, 'fourbet_call_threshold_pct': 0.12593940350582153, 'fourbet_bluff_freq': 0.08623913708540247, 'k_commit': 0.007574686775786211, 'river_v2b_half_pot': 2.816422170215103, 'skb8_bet_to_mean_multiplier': 1.6338849024506412, 'skb8_min_obs_for_signal': 40, 'skb8_min_bets_obs_for_signal': 3}. Best is trial 71 with value: 1294.7396540751856.
[I 2026-05-30 02:00:50,951] Trial 117 finished with value: 1217.7845552481983 and parameters: {'equity_call_threshold': 0.4356403848758207, 'pot_odds_buffer_normal': 0.10088904495909462, 'equity_thin_value': 0.4571642223495233, 'bluff_freq_ip': 0.010742626116255297, 'bluff_freq_oop': 0.0369339493335089, 'cbet_freq_base': 0.6612132023053181, 'threebet_call_threshold_pct': 0.2056966777369866, 'fourbet_call_threshold_pct': 0.13274969355241045, 'fourbet_bluff_freq': 0.12231746913199312, 'k_commit': 0.0053727557184255394, 'river_v2b_half_pot': 2.4327118746804457, 'skb8_bet_to_mean_multiplier': 1.7048869791880343, 'skb8_min_obs_for_signal': 34, 'skb8_min_bets_obs_for_signal': 4}. Best is trial 71 with value: 1294.7396540751856.
[I 2026-05-30 02:01:31,280] Trial 118 finished with value: 1240.7886517164584 and parameters: {'equity_call_threshold': 0.41842212588881894, 'pot_odds_buffer_normal': 0.1147674857083226, 'equity_thin_value': 0.46218902622104246, 'bluff_freq_ip': 0.015188287472338644, 'bluff_freq_oop': 0.04299514614053205, 'cbet_freq_base': 0.6263707789022317, 'threebet_call_threshold_pct': 0.17778950368646199, 'fourbet_call_threshold_pct': 0.12810494890152155, 'fourbet_bluff_freq': 0.1732503326936606, 'k_commit': 0.007101608723920908, 'river_v2b_half_pot': 2.025783424685541, 'skb8_bet_to_mean_multiplier': 1.7623977386897947, 'skb8_min_obs_for_signal': 36, 'skb8_min_bets_obs_for_signal': 3}. Best is trial 71 with value: 1294.7396540751856.
